#
# There is insufficient memory for the Java Runtime Environment to continue.
# Native memory allocation (mmap) failed to map 436207616 bytes for G1 virtual space
# Possible reasons:
#   The system is out of physical RAM or swap space
#   The process is running with CompressedOops enabled, and the Java Heap may be blocking the growth of the native heap
# Possible solutions:
#   Reduce memory load on the system
#   Increase physical memory or swap space
#   Check if swap backing store is full
#   Decrease Java heap size (-Xmx/-Xms)
#   Decrease number of Java threads
#   Decrease Java thread stack sizes (-Xss)
#   Set larger code cache with -XX:ReservedCodeCacheSize=
#   JVM is running with Zero Based Compressed Oops mode in which the Java heap is
#     placed in the first 32GB address space. The Java Heap base address is the
#     maximum limit for the native heap growth. Please use -XX:HeapBaseMinAddress
#     to set the Java Heap base and to place the Java Heap above 32GB virtual address.
# This output file may be truncated or incomplete.
#
#  Out of Memory Error (os_windows.cpp:3617), pid=3384, tid=11416
#
# JRE version: OpenJDK Runtime Environment (17.0.8.1+1) (build 17.0.8.1+1-LTS)
# Java VM: OpenJDK 64-Bit Server VM (17.0.8.1+1-LTS, mixed mode, sharing, tiered, compressed oops, compressed class ptrs, g1 gc, windows-amd64)
# No core dump will be written. Minidumps are not enabled by default on client versions of Windows
#

---------------  S U M M A R Y ------------

Command Line: -XX:TieredStopAtLevel=1 -Dspring.output.ansi.enabled=always -Dcom.sun.management.jmxremote -Dspring.jmx.enabled=true -Dspring.liveBeansView.mbeanDomain -Dspring.application.admin.enabled=true -Dmanagement.endpoints.jmx.exposure.include=* -javaagent:D:\Programs\IntelliJ IDEA 2023.2.3\lib\idea_rt.jar=50391:D:\Programs\IntelliJ IDEA 2023.2.3\bin -Dfile.encoding=UTF-8 com.eventshub.EventsApplication

Host: 13th Gen Intel(R) Core(TM) i9-13900H, 20 cores, 15G,  Windows 11 , 64 bit Build 22621 (10.0.22621.2428)
Time: Sat Oct 21 00:41:24 2023 W. Europe Summer Time elapsed time: 6265.435645 seconds (0d 1h 44m 25s)

---------------  T H R E A D  ---------------

Current thread (0x000001cb77f076f0):  VMThread "VM Thread" [stack: 0x0000002c43900000,0x0000002c43a00000] [id=11416]

Stack: [0x0000002c43900000,0x0000002c43a00000]
Native frames: (J=compiled Java code, j=interpreted, Vv=VM code, C=native code)
V  [jvm.dll+0x679bda]
V  [jvm.dll+0x8360a4]
V  [jvm.dll+0x83784e]
V  [jvm.dll+0x837eb3]
V  [jvm.dll+0x247c4f]
V  [jvm.dll+0x676949]
V  [jvm.dll+0x66b2ba]
V  [jvm.dll+0x305da6]
V  [jvm.dll+0x30d196]
V  [jvm.dll+0x35cb7e]
V  [jvm.dll+0x35cdaf]
V  [jvm.dll+0x2dcfe8]
V  [jvm.dll+0x2db3f5]
V  [jvm.dll+0x2da9fc]
V  [jvm.dll+0x31dfeb]
V  [jvm.dll+0x83c6cb]
V  [jvm.dll+0x83d404]
V  [jvm.dll+0x83d91d]
V  [jvm.dll+0x83dcf4]
V  [jvm.dll+0x83ddc0]
V  [jvm.dll+0x7e64ba]
V  [jvm.dll+0x678a25]
C  [ucrtbase.dll+0x29363]
C  [KERNEL32.DLL+0x1257d]
C  [ntdll.dll+0x5aa78]

VM_Operation (0x0000002c477fc990): G1CollectForAllocation, mode: safepoint, requested by thread 0x000001cb7d6a6f60


---------------  P R O C E S S  ---------------

Threads class SMR info:
_java_thread_list=0x000001cb7d5b32a0, length=47, elements={
0x000001cb77f0cb40, 0x000001cb77f0d9c0, 0x000001cb77f25180, 0x000001cb77f25d40,
0x000001cb77f28920, 0x000001cb77f292e0, 0x000001cb77f2b170, 0x000001cb77f33b80,
0x000001cb78550750, 0x000001cb7d3dbf40, 0x000001cb7d3dc420, 0x000001cb7d4d4f80,
0x000001cb7ddd0fc0, 0x000001cb7f41e8f0, 0x000001cb7f314560, 0x000001cb7f2a6c90,
0x000001cb413e09d0, 0x000001cb7f2a34e0, 0x000001cb7f314050, 0x000001cb413e0ee0,
0x000001cb7f30e120, 0x000001cb78675e30, 0x000001cb413dfaa0, 0x000001cb7ddd19e0,
0x000001cb413dffb0, 0x000001cb421f2090, 0x000001cb421f1670, 0x000001cb7f30dc10,
0x000001cb7f41cfa0, 0x000001cb7f41d4b0, 0x000001cb413e13f0, 0x000001cb7f30eb40,
0x000001cb7f30e630, 0x000001cb7f41d9c0, 0x000001cb7f41e3e0, 0x000001cb7f2a5d60,
0x000001cb7f30d700, 0x000001cb7f30f050, 0x000001cb7ddd1ef0, 0x000001cb421c6a00,
0x000001cb413e04c0, 0x000001cb7f313120, 0x000001cb421c5fe0, 0x000001cb4207e9a0,
0x000001cb4207d050, 0x000001cb4207d560, 0x000001cb7d6a6f60
}

Java Threads: ( => current thread )
  0x000001cb77f0cb40 JavaThread "Reference Handler" daemon [_thread_blocked, id=26372, stack(0x0000002c43a00000,0x0000002c43b00000)]
  0x000001cb77f0d9c0 JavaThread "Finalizer" daemon [_thread_blocked, id=19992, stack(0x0000002c43b00000,0x0000002c43c00000)]
  0x000001cb77f25180 JavaThread "Signal Dispatcher" daemon [_thread_blocked, id=8684, stack(0x0000002c43c00000,0x0000002c43d00000)]
  0x000001cb77f25d40 JavaThread "Attach Listener" daemon [_thread_blocked, id=25136, stack(0x0000002c43d00000,0x0000002c43e00000)]
  0x000001cb77f28920 JavaThread "Service Thread" daemon [_thread_blocked, id=2272, stack(0x0000002c43e00000,0x0000002c43f00000)]
  0x000001cb77f292e0 JavaThread "Monitor Deflation Thread" daemon [_thread_blocked, id=11152, stack(0x0000002c43f00000,0x0000002c44000000)]
  0x000001cb77f2b170 JavaThread "C1 CompilerThread0" daemon [_thread_blocked, id=19880, stack(0x0000002c44000000,0x0000002c44100000)]
  0x000001cb77f33b80 JavaThread "Sweeper thread" daemon [_thread_blocked, id=7328, stack(0x0000002c44100000,0x0000002c44200000)]
  0x000001cb78550750 JavaThread "Common-Cleaner" daemon [_thread_blocked, id=16800, stack(0x0000002c44300000,0x0000002c44400000)]
  0x000001cb7d3dbf40 JavaThread "Monitor Ctrl-Break" daemon [_thread_in_native, id=4588, stack(0x0000002c44600000,0x0000002c44700000)]
  0x000001cb7d3dc420 JavaThread "Notification Thread" daemon [_thread_blocked, id=6576, stack(0x0000002c44700000,0x0000002c44800000)]
  0x000001cb7d4d4f80 JavaThread "RMI TCP Accept-0" daemon [_thread_in_native, id=21812, stack(0x0000002c44800000,0x0000002c44900000)]
  0x000001cb7ddd0fc0 JavaThread "RMI Scheduler(0)" daemon [_thread_blocked, id=25744, stack(0x0000002c46300000,0x0000002c46400000)]
  0x000001cb7f41e8f0 JavaThread "Live Reload Server" daemon [_thread_in_native, id=12640, stack(0x0000002c46c00000,0x0000002c46d00000)]
  0x000001cb7f314560 JavaThread "DestroyJavaVM" [_thread_blocked, id=10916, stack(0x0000002c43300000,0x0000002c43400000)]
  0x000001cb7f2a6c90 JavaThread "File Watcher" daemon [_thread_blocked, id=23728, stack(0x0000002c43200000,0x0000002c43300000)]
  0x000001cb413e09d0 JavaThread "File Watcher" daemon [_thread_blocked, id=9384, stack(0x0000002c44200000,0x0000002c44300000)]
  0x000001cb7f2a34e0 JavaThread "File Watcher" daemon [_thread_blocked, id=1360, stack(0x0000002c44c00000,0x0000002c44d00000)]
  0x000001cb7f314050 JavaThread "File Watcher" daemon [_thread_blocked, id=17320, stack(0x0000002c44a00000,0x0000002c44b00000)]
  0x000001cb413e0ee0 JavaThread "File Watcher" daemon [_thread_blocked, id=11004, stack(0x0000002c44d00000,0x0000002c44e00000)]
  0x000001cb7f30e120 JavaThread "File Watcher" daemon [_thread_blocked, id=18580, stack(0x0000002c44400000,0x0000002c44500000)]
  0x000001cb78675e30 JavaThread "File Watcher" daemon [_thread_blocked, id=10408, stack(0x0000002c44e00000,0x0000002c44f00000)]
  0x000001cb413dfaa0 JavaThread "File Watcher" daemon [_thread_blocked, id=2968, stack(0x0000002c44b00000,0x0000002c44c00000)]
  0x000001cb7ddd19e0 JavaThread "File Watcher" daemon [_thread_blocked, id=22516, stack(0x0000002c44500000,0x0000002c44600000)]
  0x000001cb413dffb0 JavaThread "Thread-54" [_thread_blocked, id=22476, stack(0x0000002c43000000,0x0000002c43100000)]
  0x000001cb421f2090 JavaThread "File Watcher" daemon [_thread_blocked, id=1044, stack(0x0000002c45600000,0x0000002c45700000)]
  0x000001cb421f1670 JavaThread "File Watcher" daemon [_thread_blocked, id=6744, stack(0x0000002c46400000,0x0000002c46500000)]
  0x000001cb7f30dc10 JavaThread "File Watcher" daemon [_thread_blocked, id=13132, stack(0x0000002c45700000,0x0000002c45800000)]
  0x000001cb7f41cfa0 JavaThread "File Watcher" daemon [_thread_blocked, id=12272, stack(0x0000002c45d00000,0x0000002c45e00000)]
  0x000001cb7f41d4b0 JavaThread "File Watcher" daemon [_thread_blocked, id=8964, stack(0x0000002c43100000,0x0000002c43200000)]
  0x000001cb413e13f0 JavaThread "File Watcher" daemon [_thread_blocked, id=22876, stack(0x0000002c46600000,0x0000002c46700000)]
  0x000001cb7f30eb40 JavaThread "File Watcher" daemon [_thread_blocked, id=4584, stack(0x0000002c46500000,0x0000002c46600000)]
  0x000001cb7f30e630 JavaThread "File Watcher" daemon [_thread_blocked, id=26440, stack(0x0000002c46800000,0x0000002c46900000)]
  0x000001cb7f41d9c0 JavaThread "File Watcher" daemon [_thread_blocked, id=24840, stack(0x0000002c46700000,0x0000002c46800000)]
  0x000001cb7f41e3e0 JavaThread "File Watcher" daemon [_thread_blocked, id=1384, stack(0x0000002c46a00000,0x0000002c46b00000)]
  0x000001cb7f2a5d60 JavaThread "File Watcher" daemon [_thread_blocked, id=25192, stack(0x0000002c46d00000,0x0000002c46e00000)]
  0x000001cb7f30d700 JavaThread "File Watcher" daemon [_thread_blocked, id=25976, stack(0x0000002c46f00000,0x0000002c47000000)]
  0x000001cb7f30f050 JavaThread "File Watcher" daemon [_thread_blocked, id=6524, stack(0x0000002c47000000,0x0000002c47100000)]
  0x000001cb7ddd1ef0 JavaThread "File Watcher" daemon [_thread_blocked, id=22160, stack(0x0000002c47600000,0x0000002c47700000)]
  0x000001cb421c6a00 JavaThread "File Watcher" daemon [_thread_blocked, id=23732, stack(0x0000002c47500000,0x0000002c47600000)]
  0x000001cb413e04c0 JavaThread "File Watcher" daemon [_thread_blocked, id=8284, stack(0x0000002c46b00000,0x0000002c46c00000)]
  0x000001cb7f313120 JavaThread "File Watcher" daemon [_thread_blocked, id=17764, stack(0x0000002c47100000,0x0000002c47200000)]
  0x000001cb421c5fe0 JavaThread "File Watcher" daemon [_thread_blocked, id=2312, stack(0x0000002c46e00000,0x0000002c46f00000)]
  0x000001cb4207e9a0 JavaThread "File Watcher" daemon [_thread_blocked, id=21840, stack(0x0000002c47300000,0x0000002c47400000)]
  0x000001cb4207d050 JavaThread "File Watcher" daemon [_thread_blocked, id=9840, stack(0x0000002c47200000,0x0000002c47300000)]
  0x000001cb4207d560 JavaThread "File Watcher" daemon [_thread_blocked, id=400, stack(0x0000002c47400000,0x0000002c47500000)]
  0x000001cb7d6a6f60 JavaThread "restartedMain" [_thread_blocked, id=13256, stack(0x0000002c47700000,0x0000002c47800000)]

Other Threads:
=>0x000001cb77f076f0 VMThread "VM Thread" [stack: 0x0000002c43900000,0x0000002c43a00000] [id=11416]
  0x000001cb786c4240 WatcherThread [stack: 0x0000002c44900000,0x0000002c44a00000] [id=18724]
  0x000001cb60a040b0 GCTaskThread "GC Thread#0" [stack: 0x0000002c43400000,0x0000002c43500000] [id=24484]
  0x000001cb7d71b410 GCTaskThread "GC Thread#1" [stack: 0x0000002c44f00000,0x0000002c45000000] [id=24104]
  0x000001cb7d75c280 GCTaskThread "GC Thread#2" [stack: 0x0000002c45000000,0x0000002c45100000] [id=20812]
  0x000001cb7d71aae0 GCTaskThread "GC Thread#3" [stack: 0x0000002c45100000,0x0000002c45200000] [id=25364]
  0x000001cb7d760680 GCTaskThread "GC Thread#4" [stack: 0x0000002c45200000,0x0000002c45300000] [id=26092]
  0x000001cb7d760940 GCTaskThread "GC Thread#5" [stack: 0x0000002c45300000,0x0000002c45400000] [id=24184]
  0x000001cb7d78f940 GCTaskThread "GC Thread#6" [stack: 0x0000002c45400000,0x0000002c45500000] [id=1064]
  0x000001cb7d790010 GCTaskThread "GC Thread#7" [stack: 0x0000002c45500000,0x0000002c45600000] [id=4192]
  0x000001cb7d91ec00 GCTaskThread "GC Thread#8" [stack: 0x0000002c45800000,0x0000002c45900000] [id=26464]
  0x000001cb7d938910 GCTaskThread "GC Thread#9" [stack: 0x0000002c45900000,0x0000002c45a00000] [id=25764]
  0x000001cb7de1dc80 GCTaskThread "GC Thread#10" [stack: 0x0000002c45a00000,0x0000002c45b00000] [id=24768]
  0x000001cb7de1df40 GCTaskThread "GC Thread#11" [stack: 0x0000002c45b00000,0x0000002c45c00000] [id=26376]
  0x000001cb7de1e200 GCTaskThread "GC Thread#12" [stack: 0x0000002c45c00000,0x0000002c45d00000] [id=7960]
  0x000001cb7de5a970 GCTaskThread "GC Thread#13" [stack: 0x0000002c45e00000,0x0000002c45f00000] [id=22996]
  0x000001cb7de59e70 GCTaskThread "GC Thread#14" [stack: 0x0000002c45f00000,0x0000002c46000000] [id=10460]
  0x000001cb60a14a10 ConcurrentGCThread "G1 Main Marker" [stack: 0x0000002c43500000,0x0000002c43600000] [id=26388]
  0x000001cb60a15420 ConcurrentGCThread "G1 Conc#0" [stack: 0x0000002c43600000,0x0000002c43700000] [id=11288]
  0x000001cb7de5a130 ConcurrentGCThread "G1 Conc#1" [stack: 0x0000002c46000000,0x0000002c46100000] [id=21056]
  0x000001cb7de5a3f0 ConcurrentGCThread "G1 Conc#2" [stack: 0x0000002c46100000,0x0000002c46200000] [id=21064]
  0x000001cb7dfb3b00 ConcurrentGCThread "G1 Conc#3" [stack: 0x0000002c46200000,0x0000002c46300000] [id=12768]
  0x000001cb77e41d30 ConcurrentGCThread "G1 Refine#0" [stack: 0x0000002c43700000,0x0000002c43800000] [id=13480]
  0x000001cb7f430780 ConcurrentGCThread "G1 Refine#1" [stack: 0x0000002c48800000,0x0000002c48900000] [id=11040]
  0x000001cb7f42f8d0 ConcurrentGCThread "G1 Refine#2" [stack: 0x0000002c48900000,0x0000002c48a00000] [id=24176]
  0x000001cb77e42760 ConcurrentGCThread "G1 Service" [stack: 0x0000002c43800000,0x0000002c43900000] [id=23564]

Threads with active compile tasks:

VM state: at safepoint (normal execution)

VM Mutex/Monitor currently owned by a thread:  ([mutex/lock_event])
[0x000001cb609968c0] Threads_lock - owner thread: 0x000001cb77f076f0
[0x000001cb60996b90] Heap_lock - owner thread: 0x000001cb7d6a6f60

OutOfMemory and StackOverflow Exception counts:
StackOverflowErrors=2
LinkageErrors=347

Heap address: 0x0000000705e00000, size: 4002 MB, Compressed Oops mode: Zero based, Oop shift amount: 3

CDS archive(s) mapped at: [0x000001cb00000000-0x000001cb00bd0000-0x000001cb00bd0000), size 12386304, SharedBaseAddress: 0x000001cb00000000, ArchiveRelocationMode: 1.
Compressed class space mapped at: 0x000001cb01000000-0x000001cb41000000, reserved size: 1073741824
Narrow klass base: 0x000001cb00000000, Narrow klass shift: 0, Narrow klass range: 0x100000000

GC Precious Log:
 CPUs: 20 total, 20 available
 Memory: 16005M
 Large Page Support: Disabled
 NUMA Support: Disabled
 Compressed Oops: Enabled (Zero based)
 Heap Region Size: 2M
 Heap Min Capacity: 8M
 Heap Initial Capacity: 252M
 Heap Max Capacity: 4002M
 Pre-touch: Disabled
 Parallel Workers: 15
 Concurrent Workers: 4
 Concurrent Refinement Workers: 15
 Periodic GC: Disabled

Heap:
 garbage-first heap   total 397312K, used 103947K [0x0000000705e00000, 0x0000000800000000)
  region size 2048K, 4 young (8192K), 4 survivors (8192K)
 Metaspace       used 71959K, committed 73344K, reserved 1114112K
  class space    used 9977K, committed 10688K, reserved 1048576K

Heap Regions: E=young(eden), S=young(survivor), O=old, HS=humongous(starts), HC=humongous(continues), CS=collection set, F=free, OA=open archive, CA=closed archive, TAMS=top-at-mark-start (previous, next)
|   0|0x0000000705e00000, 0x0000000706000000, 0x0000000706000000|100%| O|  |TAMS 0x0000000706000000, 0x0000000706000000| Untracked 
|   1|0x0000000706000000, 0x00000007061fffe8, 0x0000000706200000| 99%| O|  |TAMS 0x00000007061fffe8, 0x00000007061fffe8| Untracked 
|   2|0x0000000706200000, 0x0000000706400000, 0x0000000706400000|100%| O|  |TAMS 0x0000000706400000, 0x0000000706400000| Untracked 
|   3|0x0000000706400000, 0x00000007065ffff8, 0x0000000706600000| 99%| O|  |TAMS 0x00000007065ffff8, 0x00000007065ffff8| Untracked 
|   4|0x0000000706600000, 0x00000007067fffd8, 0x0000000706800000| 99%| O|  |TAMS 0x00000007067fffd8, 0x00000007067fffd8| Untracked 
|   5|0x0000000706800000, 0x0000000706a00000, 0x0000000706a00000|100%| O|  |TAMS 0x0000000706a00000, 0x0000000706a00000| Untracked 
|   6|0x0000000706a00000, 0x0000000706bffff8, 0x0000000706c00000| 99%| O|  |TAMS 0x0000000706bffff8, 0x0000000706bffff8| Untracked 
|   7|0x0000000706c00000, 0x0000000706dfffe8, 0x0000000706e00000| 99%| O|  |TAMS 0x0000000706dfffe8, 0x0000000706dfffe8| Untracked 
|   8|0x0000000706e00000, 0x0000000707000000, 0x0000000707000000|100%| O|  |TAMS 0x0000000707000000, 0x0000000707000000| Untracked 
|   9|0x0000000707000000, 0x00000007071be978, 0x0000000707200000| 87%| O|  |TAMS 0x00000007071be978, 0x00000007071be978| Untracked 
|  10|0x0000000707200000, 0x00000007073da288, 0x0000000707400000| 92%| O|  |TAMS 0x00000007073da288, 0x00000007073da288| Untracked 
|  11|0x0000000707400000, 0x0000000707600000, 0x0000000707600000|100%| O|  |TAMS 0x0000000707400000, 0x0000000707600000| Untracked 
|  12|0x0000000707600000, 0x0000000707800000, 0x0000000707800000|100%| O|  |TAMS 0x0000000707800000, 0x0000000707800000| Untracked 
|  13|0x0000000707800000, 0x0000000707a00000, 0x0000000707a00000|100%| O|  |TAMS 0x0000000707a00000, 0x0000000707a00000| Untracked 
|  14|0x0000000707a00000, 0x0000000707c00000, 0x0000000707c00000|100%| O|  |TAMS 0x0000000707c00000, 0x0000000707c00000| Untracked 
|  15|0x0000000707c00000, 0x0000000707e00000, 0x0000000707e00000|100%| O|  |TAMS 0x0000000707e00000, 0x0000000707e00000| Untracked 
|  16|0x0000000707e00000, 0x0000000708000000, 0x0000000708000000|100%| O|  |TAMS 0x0000000708000000, 0x0000000708000000| Untracked 
|  17|0x0000000708000000, 0x0000000708200000, 0x0000000708200000|100%| O|  |TAMS 0x0000000708200000, 0x0000000708200000| Untracked 
|  18|0x0000000708200000, 0x0000000708400000, 0x0000000708400000|100%| O|  |TAMS 0x0000000708400000, 0x0000000708400000| Untracked 
|  19|0x0000000708400000, 0x0000000708600000, 0x0000000708600000|100%| O|  |TAMS 0x0000000708600000, 0x0000000708600000| Untracked 
|  20|0x0000000708600000, 0x0000000708800000, 0x0000000708800000|100%| O|  |TAMS 0x0000000708800000, 0x0000000708800000| Untracked 
|  21|0x0000000708800000, 0x0000000708a00000, 0x0000000708a00000|100%| O|  |TAMS 0x0000000708a00000, 0x0000000708a00000| Untracked 
|  22|0x0000000708a00000, 0x0000000708c00000, 0x0000000708c00000|100%| O|  |TAMS 0x0000000708c00000, 0x0000000708c00000| Untracked 
|  23|0x0000000708c00000, 0x0000000708e00000, 0x0000000708e00000|100%| O|  |TAMS 0x0000000708e00000, 0x0000000708e00000| Untracked 
|  24|0x0000000708e00000, 0x0000000709000000, 0x0000000709000000|100%| O|  |TAMS 0x0000000709000000, 0x0000000709000000| Untracked 
|  25|0x0000000709000000, 0x0000000709200000, 0x0000000709200000|100%| O|  |TAMS 0x0000000709200000, 0x0000000709200000| Untracked 
|  26|0x0000000709200000, 0x0000000709400000, 0x0000000709400000|100%| O|  |TAMS 0x0000000709400000, 0x0000000709400000| Untracked 
|  27|0x0000000709400000, 0x0000000709600000, 0x0000000709600000|100%| O|  |TAMS 0x0000000709600000, 0x0000000709600000| Untracked 
|  28|0x0000000709600000, 0x0000000709800000, 0x0000000709800000|100%| O|  |TAMS 0x0000000709800000, 0x0000000709800000| Untracked 
|  29|0x0000000709800000, 0x0000000709a00000, 0x0000000709a00000|100%| O|  |TAMS 0x0000000709a00000, 0x0000000709a00000| Untracked 
|  30|0x0000000709a00000, 0x0000000709c00000, 0x0000000709c00000|100%| O|  |TAMS 0x0000000709c00000, 0x0000000709c00000| Untracked 
|  31|0x0000000709c00000, 0x0000000709e00000, 0x0000000709e00000|100%| O|  |TAMS 0x0000000709e00000, 0x0000000709e00000| Untracked 
|  32|0x0000000709e00000, 0x000000070a000000, 0x000000070a000000|100%| O|  |TAMS 0x000000070a000000, 0x000000070a000000| Untracked 
|  33|0x000000070a000000, 0x000000070a200000, 0x000000070a200000|100%| O|  |TAMS 0x000000070a200000, 0x000000070a200000| Untracked 
|  34|0x000000070a200000, 0x000000070a400000, 0x000000070a400000|100%| O|  |TAMS 0x000000070a400000, 0x000000070a400000| Untracked 
|  35|0x000000070a400000, 0x000000070a600000, 0x000000070a600000|100%| O|  |TAMS 0x000000070a600000, 0x000000070a600000| Untracked 
|  36|0x000000070a600000, 0x000000070a600000, 0x000000070a800000|  0%| F|  |TAMS 0x000000070a600000, 0x000000070a600000| Untracked 
|  37|0x000000070a800000, 0x000000070aa00000, 0x000000070aa00000|100%| O|  |TAMS 0x000000070aa00000, 0x000000070aa00000| Untracked 
|  38|0x000000070aa00000, 0x000000070ac00000, 0x000000070ac00000|100%| O|  |TAMS 0x000000070ac00000, 0x000000070ac00000| Untracked 
|  39|0x000000070ac00000, 0x000000070ae00000, 0x000000070ae00000|100%| O|  |TAMS 0x000000070ae00000, 0x000000070ae00000| Untracked 
|  40|0x000000070ae00000, 0x000000070b000000, 0x000000070b000000|100%| O|  |TAMS 0x000000070b000000, 0x000000070b000000| Untracked 
|  41|0x000000070b000000, 0x000000070b200000, 0x000000070b200000|100%| O|  |TAMS 0x000000070b200000, 0x000000070b200000| Untracked 
|  42|0x000000070b200000, 0x000000070b400000, 0x000000070b400000|100%| O|  |TAMS 0x000000070b400000, 0x000000070b400000| Untracked 
|  43|0x000000070b400000, 0x000000070b600000, 0x000000070b600000|100%| O|  |TAMS 0x000000070b564e00, 0x000000070b600000| Untracked 
|  44|0x000000070b600000, 0x000000070b800000, 0x000000070b800000|100%| O|  |TAMS 0x000000070b600000, 0x000000070b800000| Untracked 
|  45|0x000000070b800000, 0x000000070ba00000, 0x000000070ba00000|100%| O|  |TAMS 0x000000070b800000, 0x000000070ba00000| Untracked 
|  46|0x000000070ba00000, 0x000000070bc00000, 0x000000070bc00000|100%| O|  |TAMS 0x000000070ba00000, 0x000000070bc00000| Untracked 
|  47|0x000000070bc00000, 0x000000070be00000, 0x000000070be00000|100%| O|  |TAMS 0x000000070bc00000, 0x000000070be00000| Untracked 
|  48|0x000000070be00000, 0x000000070bfd5400, 0x000000070c000000| 91%| O|  |TAMS 0x000000070be00000, 0x000000070bfd5400| Untracked 
|  49|0x000000070c000000, 0x000000070c000000, 0x000000070c200000|  0%| F|  |TAMS 0x000000070c000000, 0x000000070c000000| Untracked 
|  50|0x000000070c200000, 0x000000070c200000, 0x000000070c400000|  0%| F|  |TAMS 0x000000070c200000, 0x000000070c200000| Untracked 
|  51|0x000000070c400000, 0x000000070c400000, 0x000000070c600000|  0%| F|  |TAMS 0x000000070c400000, 0x000000070c400000| Untracked 
|  52|0x000000070c600000, 0x000000070c600000, 0x000000070c800000|  0%| F|  |TAMS 0x000000070c600000, 0x000000070c600000| Untracked 
|  53|0x000000070c800000, 0x000000070c800000, 0x000000070ca00000|  0%| F|  |TAMS 0x000000070c800000, 0x000000070c800000| Untracked 
|  54|0x000000070ca00000, 0x000000070ca00000, 0x000000070cc00000|  0%| F|  |TAMS 0x000000070ca00000, 0x000000070ca00000| Untracked 
|  55|0x000000070cc00000, 0x000000070cc00000, 0x000000070ce00000|  0%| F|  |TAMS 0x000000070cc00000, 0x000000070cc00000| Untracked 
|  56|0x000000070ce00000, 0x000000070ce00000, 0x000000070d000000|  0%| F|  |TAMS 0x000000070ce00000, 0x000000070ce00000| Untracked 
|  57|0x000000070d000000, 0x000000070d000000, 0x000000070d200000|  0%| F|  |TAMS 0x000000070d000000, 0x000000070d000000| Untracked 
|  58|0x000000070d200000, 0x000000070d200000, 0x000000070d400000|  0%| F|  |TAMS 0x000000070d200000, 0x000000070d200000| Untracked 
|  59|0x000000070d400000, 0x000000070d400000, 0x000000070d600000|  0%| F|  |TAMS 0x000000070d400000, 0x000000070d400000| Untracked 
|  60|0x000000070d600000, 0x000000070d600000, 0x000000070d800000|  0%| F|  |TAMS 0x000000070d600000, 0x000000070d600000| Untracked 
|  61|0x000000070d800000, 0x000000070d800000, 0x000000070da00000|  0%| F|  |TAMS 0x000000070d800000, 0x000000070d800000| Untracked 
|  62|0x000000070da00000, 0x000000070da00000, 0x000000070dc00000|  0%| F|  |TAMS 0x000000070da00000, 0x000000070da00000| Untracked 
|  63|0x000000070dc00000, 0x000000070dc00000, 0x000000070de00000|  0%| F|  |TAMS 0x000000070dc00000, 0x000000070dc00000| Untracked 
|  64|0x000000070de00000, 0x000000070de00000, 0x000000070e000000|  0%| F|  |TAMS 0x000000070de00000, 0x000000070de00000| Untracked 
|  65|0x000000070e000000, 0x000000070e000000, 0x000000070e200000|  0%| F|  |TAMS 0x000000070e000000, 0x000000070e000000| Untracked 
|  66|0x000000070e200000, 0x000000070e200000, 0x000000070e400000|  0%| F|  |TAMS 0x000000070e200000, 0x000000070e200000| Untracked 
|  67|0x000000070e400000, 0x000000070e414e28, 0x000000070e600000|  4%| S|CS|TAMS 0x000000070e400000, 0x000000070e400000| Complete 
|  68|0x000000070e600000, 0x000000070e800000, 0x000000070e800000|100%| S|CS|TAMS 0x000000070e600000, 0x000000070e600000| Complete 
|  69|0x000000070e800000, 0x000000070ea00000, 0x000000070ea00000|100%| S|CS|TAMS 0x000000070e800000, 0x000000070e800000| Complete 
|  70|0x000000070ea00000, 0x000000070ec00000, 0x000000070ec00000|100%| S|CS|TAMS 0x000000070ea00000, 0x000000070ea00000| Complete 
|  71|0x000000070ec00000, 0x000000070ec00000, 0x000000070ee00000|  0%| F|  |TAMS 0x000000070ec00000, 0x000000070ec00000| Untracked 
|  72|0x000000070ee00000, 0x000000070ee00000, 0x000000070f000000|  0%| F|  |TAMS 0x000000070ee00000, 0x000000070ee00000| Untracked 
|  73|0x000000070f000000, 0x000000070f000000, 0x000000070f200000|  0%| F|  |TAMS 0x000000070f000000, 0x000000070f000000| Untracked 
|  74|0x000000070f200000, 0x000000070f200000, 0x000000070f400000|  0%| F|  |TAMS 0x000000070f200000, 0x000000070f200000| Untracked 
|  75|0x000000070f400000, 0x000000070f400000, 0x000000070f600000|  0%| F|  |TAMS 0x000000070f400000, 0x000000070f400000| Untracked 
|  76|0x000000070f600000, 0x000000070f600000, 0x000000070f800000|  0%| F|  |TAMS 0x000000070f600000, 0x000000070f600000| Untracked 
|  77|0x000000070f800000, 0x000000070f800000, 0x000000070fa00000|  0%| F|  |TAMS 0x000000070f800000, 0x000000070f800000| Untracked 
|  78|0x000000070fa00000, 0x000000070fa00000, 0x000000070fc00000|  0%| F|  |TAMS 0x000000070fa00000, 0x000000070fa00000| Untracked 
|  79|0x000000070fc00000, 0x000000070fc00000, 0x000000070fe00000|  0%| F|  |TAMS 0x000000070fc00000, 0x000000070fc00000| Untracked 
|  80|0x000000070fe00000, 0x000000070fe00000, 0x0000000710000000|  0%| F|  |TAMS 0x000000070fe00000, 0x000000070fe00000| Untracked 
|  81|0x0000000710000000, 0x0000000710000000, 0x0000000710200000|  0%| F|  |TAMS 0x0000000710000000, 0x0000000710000000| Untracked 
|  82|0x0000000710200000, 0x0000000710200000, 0x0000000710400000|  0%| F|  |TAMS 0x0000000710200000, 0x0000000710200000| Untracked 
|  83|0x0000000710400000, 0x0000000710400000, 0x0000000710600000|  0%| F|  |TAMS 0x0000000710400000, 0x0000000710400000| Untracked 
|  84|0x0000000710600000, 0x0000000710600000, 0x0000000710800000|  0%| F|  |TAMS 0x0000000710600000, 0x0000000710600000| Untracked 
|  85|0x0000000710800000, 0x0000000710800000, 0x0000000710a00000|  0%| F|  |TAMS 0x0000000710800000, 0x0000000710800000| Untracked 
|  86|0x0000000710a00000, 0x0000000710a00000, 0x0000000710c00000|  0%| F|  |TAMS 0x0000000710a00000, 0x0000000710a00000| Untracked 
|  87|0x0000000710c00000, 0x0000000710c00000, 0x0000000710e00000|  0%| F|  |TAMS 0x0000000710c00000, 0x0000000710c00000| Untracked 
|  88|0x0000000710e00000, 0x0000000710e00000, 0x0000000711000000|  0%| F|  |TAMS 0x0000000710e00000, 0x0000000710e00000| Untracked 
|  89|0x0000000711000000, 0x0000000711000000, 0x0000000711200000|  0%| F|  |TAMS 0x0000000711000000, 0x0000000711000000| Untracked 
|  90|0x0000000711200000, 0x0000000711200000, 0x0000000711400000|  0%| F|  |TAMS 0x0000000711200000, 0x0000000711200000| Untracked 
|  91|0x0000000711400000, 0x0000000711400000, 0x0000000711600000|  0%| F|  |TAMS 0x0000000711400000, 0x0000000711400000| Untracked 
|  92|0x0000000711600000, 0x0000000711600000, 0x0000000711800000|  0%| F|  |TAMS 0x0000000711600000, 0x0000000711600000| Untracked 
|  93|0x0000000711800000, 0x0000000711800000, 0x0000000711a00000|  0%| F|  |TAMS 0x0000000711800000, 0x0000000711800000| Untracked 
|  94|0x0000000711a00000, 0x0000000711a00000, 0x0000000711c00000|  0%| F|  |TAMS 0x0000000711a00000, 0x0000000711a00000| Untracked 
|  95|0x0000000711c00000, 0x0000000711c00000, 0x0000000711e00000|  0%| F|  |TAMS 0x0000000711c00000, 0x0000000711c00000| Untracked 
|  96|0x0000000711e00000, 0x0000000711e00000, 0x0000000712000000|  0%| F|  |TAMS 0x0000000711e00000, 0x0000000711e00000| Untracked 
|  97|0x0000000712000000, 0x0000000712000000, 0x0000000712200000|  0%| F|  |TAMS 0x0000000712000000, 0x0000000712000000| Untracked 
|  98|0x0000000712200000, 0x0000000712200000, 0x0000000712400000|  0%| F|  |TAMS 0x0000000712200000, 0x0000000712200000| Untracked 
|  99|0x0000000712400000, 0x0000000712400000, 0x0000000712600000|  0%| F|  |TAMS 0x0000000712400000, 0x0000000712400000| Untracked 
| 100|0x0000000712600000, 0x0000000712600000, 0x0000000712800000|  0%| F|  |TAMS 0x0000000712600000, 0x0000000712600000| Untracked 
| 101|0x0000000712800000, 0x0000000712800000, 0x0000000712a00000|  0%| F|  |TAMS 0x0000000712800000, 0x0000000712800000| Untracked 
| 102|0x0000000712a00000, 0x0000000712a00000, 0x0000000712c00000|  0%| F|  |TAMS 0x0000000712a00000, 0x0000000712a00000| Untracked 
| 103|0x0000000712c00000, 0x0000000712c00000, 0x0000000712e00000|  0%| F|  |TAMS 0x0000000712c00000, 0x0000000712c00000| Untracked 
| 104|0x0000000712e00000, 0x0000000712e00000, 0x0000000713000000|  0%| F|  |TAMS 0x0000000712e00000, 0x0000000712e00000| Untracked 
| 105|0x0000000713000000, 0x0000000713000000, 0x0000000713200000|  0%| F|  |TAMS 0x0000000713000000, 0x0000000713000000| Untracked 
| 106|0x0000000713200000, 0x0000000713200000, 0x0000000713400000|  0%| F|  |TAMS 0x0000000713200000, 0x0000000713200000| Untracked 
| 107|0x0000000713400000, 0x0000000713400000, 0x0000000713600000|  0%| F|  |TAMS 0x0000000713400000, 0x0000000713400000| Untracked 
| 108|0x0000000713600000, 0x0000000713600000, 0x0000000713800000|  0%| F|  |TAMS 0x0000000713600000, 0x0000000713600000| Untracked 
| 109|0x0000000713800000, 0x0000000713800000, 0x0000000713a00000|  0%| F|  |TAMS 0x0000000713800000, 0x0000000713800000| Untracked 
| 110|0x0000000713a00000, 0x0000000713a00000, 0x0000000713c00000|  0%| F|  |TAMS 0x0000000713a00000, 0x0000000713a00000| Untracked 
| 111|0x0000000713c00000, 0x0000000713c00000, 0x0000000713e00000|  0%| F|  |TAMS 0x0000000713c00000, 0x0000000713c00000| Untracked 
| 112|0x0000000713e00000, 0x0000000713e00000, 0x0000000714000000|  0%| F|  |TAMS 0x0000000713e00000, 0x0000000713e00000| Untracked 
| 113|0x0000000714000000, 0x0000000714000000, 0x0000000714200000|  0%| F|  |TAMS 0x0000000714000000, 0x0000000714000000| Untracked 
| 114|0x0000000714200000, 0x0000000714200000, 0x0000000714400000|  0%| F|  |TAMS 0x0000000714200000, 0x0000000714200000| Untracked 
| 115|0x0000000714400000, 0x0000000714400000, 0x0000000714600000|  0%| F|  |TAMS 0x0000000714400000, 0x0000000714400000| Untracked 
| 116|0x0000000714600000, 0x0000000714600000, 0x0000000714800000|  0%| F|  |TAMS 0x0000000714600000, 0x0000000714600000| Untracked 
| 117|0x0000000714800000, 0x0000000714800000, 0x0000000714a00000|  0%| F|  |TAMS 0x0000000714800000, 0x0000000714800000| Untracked 
| 118|0x0000000714a00000, 0x0000000714a00000, 0x0000000714c00000|  0%| F|  |TAMS 0x0000000714a00000, 0x0000000714a00000| Untracked 
| 119|0x0000000714c00000, 0x0000000714c00000, 0x0000000714e00000|  0%| F|  |TAMS 0x0000000714c00000, 0x0000000714c00000| Untracked 
| 120|0x0000000714e00000, 0x0000000714e00000, 0x0000000715000000|  0%| F|  |TAMS 0x0000000714e00000, 0x0000000714e00000| Untracked 
| 121|0x0000000715000000, 0x0000000715000000, 0x0000000715200000|  0%| F|  |TAMS 0x0000000715000000, 0x0000000715000000| Untracked 
| 122|0x0000000715200000, 0x0000000715200000, 0x0000000715400000|  0%| F|  |TAMS 0x0000000715200000, 0x0000000715200000| Untracked 
| 123|0x0000000715400000, 0x0000000715400000, 0x0000000715600000|  0%| F|  |TAMS 0x0000000715400000, 0x0000000715400000| Untracked 
| 124|0x0000000715600000, 0x0000000715600000, 0x0000000715800000|  0%| F|  |TAMS 0x0000000715600000, 0x0000000715600000| Untracked 
| 125|0x0000000715800000, 0x0000000715800000, 0x0000000715a00000|  0%| F|  |TAMS 0x0000000715800000, 0x0000000715800000| Untracked 
| 126|0x0000000715a00000, 0x0000000715a00000, 0x0000000715c00000|  0%| F|  |TAMS 0x0000000715a00000, 0x0000000715a00000| Untracked 
| 127|0x0000000715c00000, 0x0000000715c00000, 0x0000000715e00000|  0%| F|  |TAMS 0x0000000715c00000, 0x0000000715c00000| Untracked 
| 128|0x0000000715e00000, 0x0000000715e00000, 0x0000000716000000|  0%| F|  |TAMS 0x0000000715e00000, 0x0000000715e00000| Untracked 
| 129|0x0000000716000000, 0x0000000716000000, 0x0000000716200000|  0%| F|  |TAMS 0x0000000716000000, 0x0000000716000000| Untracked 
| 130|0x0000000716200000, 0x0000000716200000, 0x0000000716400000|  0%| F|  |TAMS 0x0000000716200000, 0x0000000716200000| Untracked 
| 131|0x0000000716400000, 0x0000000716400000, 0x0000000716600000|  0%| F|  |TAMS 0x0000000716400000, 0x0000000716400000| Untracked 
| 132|0x0000000716600000, 0x0000000716600000, 0x0000000716800000|  0%| F|  |TAMS 0x0000000716600000, 0x0000000716600000| Untracked 
| 133|0x0000000716800000, 0x0000000716800000, 0x0000000716a00000|  0%| F|  |TAMS 0x0000000716800000, 0x0000000716800000| Untracked 
| 134|0x0000000716a00000, 0x0000000716a00000, 0x0000000716c00000|  0%| F|  |TAMS 0x0000000716a00000, 0x0000000716a00000| Untracked 
| 135|0x0000000716c00000, 0x0000000716c00000, 0x0000000716e00000|  0%| F|  |TAMS 0x0000000716c00000, 0x0000000716c00000| Untracked 
| 136|0x0000000716e00000, 0x0000000716e00000, 0x0000000717000000|  0%| F|  |TAMS 0x0000000716e00000, 0x0000000716e00000| Untracked 
| 137|0x0000000717000000, 0x0000000717000000, 0x0000000717200000|  0%| F|  |TAMS 0x0000000717000000, 0x0000000717000000| Untracked 
| 138|0x0000000717200000, 0x0000000717200000, 0x0000000717400000|  0%| F|  |TAMS 0x0000000717200000, 0x0000000717200000| Untracked 
| 139|0x0000000717400000, 0x0000000717400000, 0x0000000717600000|  0%| F|  |TAMS 0x0000000717400000, 0x0000000717400000| Untracked 
| 140|0x0000000717600000, 0x0000000717600000, 0x0000000717800000|  0%| F|  |TAMS 0x0000000717600000, 0x0000000717600000| Untracked 
| 141|0x0000000717800000, 0x0000000717800000, 0x0000000717a00000|  0%| F|  |TAMS 0x0000000717800000, 0x0000000717800000| Untracked 
| 142|0x0000000717a00000, 0x0000000717a00000, 0x0000000717c00000|  0%| F|  |TAMS 0x0000000717a00000, 0x0000000717a00000| Untracked 
| 143|0x0000000717c00000, 0x0000000717c00000, 0x0000000717e00000|  0%| F|  |TAMS 0x0000000717c00000, 0x0000000717c00000| Untracked 
| 144|0x0000000717e00000, 0x0000000717e00000, 0x0000000718000000|  0%| F|  |TAMS 0x0000000717e00000, 0x0000000717e00000| Untracked 
| 145|0x0000000718000000, 0x0000000718000000, 0x0000000718200000|  0%| F|  |TAMS 0x0000000718000000, 0x0000000718000000| Untracked 
| 146|0x0000000718200000, 0x0000000718200000, 0x0000000718400000|  0%| F|  |TAMS 0x0000000718200000, 0x0000000718200000| Untracked 
| 147|0x0000000718400000, 0x0000000718400000, 0x0000000718600000|  0%| F|  |TAMS 0x0000000718400000, 0x0000000718400000| Untracked 
| 148|0x0000000718600000, 0x0000000718600000, 0x0000000718800000|  0%| F|  |TAMS 0x0000000718600000, 0x0000000718600000| Untracked 
| 149|0x0000000718800000, 0x0000000718800000, 0x0000000718a00000|  0%| F|  |TAMS 0x0000000718800000, 0x0000000718800000| Untracked 
| 150|0x0000000718a00000, 0x0000000718a00000, 0x0000000718c00000|  0%| F|  |TAMS 0x0000000718a00000, 0x0000000718a00000| Untracked 
| 151|0x0000000718c00000, 0x0000000718c00000, 0x0000000718e00000|  0%| F|  |TAMS 0x0000000718c00000, 0x0000000718c00000| Untracked 
| 152|0x0000000718e00000, 0x0000000718e00000, 0x0000000719000000|  0%| F|  |TAMS 0x0000000718e00000, 0x0000000718e00000| Untracked 
| 153|0x0000000719000000, 0x0000000719000000, 0x0000000719200000|  0%| F|  |TAMS 0x0000000719000000, 0x0000000719000000| Untracked 
| 154|0x0000000719200000, 0x0000000719200000, 0x0000000719400000|  0%| F|  |TAMS 0x0000000719200000, 0x0000000719200000| Untracked 
| 155|0x0000000719400000, 0x0000000719400000, 0x0000000719600000|  0%| F|  |TAMS 0x0000000719400000, 0x0000000719400000| Untracked 
| 156|0x0000000719600000, 0x0000000719600000, 0x0000000719800000|  0%| F|  |TAMS 0x0000000719600000, 0x0000000719600000| Untracked 
| 157|0x0000000719800000, 0x0000000719800000, 0x0000000719a00000|  0%| F|  |TAMS 0x0000000719800000, 0x0000000719800000| Untracked 
| 158|0x0000000719a00000, 0x0000000719a00000, 0x0000000719c00000|  0%| F|  |TAMS 0x0000000719a00000, 0x0000000719a00000| Untracked 
| 159|0x0000000719c00000, 0x0000000719c00000, 0x0000000719e00000|  0%| F|  |TAMS 0x0000000719c00000, 0x0000000719c00000| Untracked 
| 160|0x0000000719e00000, 0x0000000719e00000, 0x000000071a000000|  0%| F|  |TAMS 0x0000000719e00000, 0x0000000719e00000| Untracked 
| 161|0x000000071a000000, 0x000000071a000000, 0x000000071a200000|  0%| F|  |TAMS 0x000000071a000000, 0x000000071a000000| Untracked 
| 162|0x000000071a200000, 0x000000071a200000, 0x000000071a400000|  0%| F|  |TAMS 0x000000071a200000, 0x000000071a200000| Untracked 
| 163|0x000000071a400000, 0x000000071a400000, 0x000000071a600000|  0%| F|  |TAMS 0x000000071a400000, 0x000000071a400000| Untracked 
| 164|0x000000071a600000, 0x000000071a600000, 0x000000071a800000|  0%| F|  |TAMS 0x000000071a600000, 0x000000071a600000| Untracked 
| 165|0x000000071a800000, 0x000000071a800000, 0x000000071aa00000|  0%| F|  |TAMS 0x000000071a800000, 0x000000071a800000| Untracked 
| 166|0x000000071aa00000, 0x000000071aa00000, 0x000000071ac00000|  0%| F|  |TAMS 0x000000071aa00000, 0x000000071aa00000| Untracked 
| 167|0x000000071ac00000, 0x000000071ac00000, 0x000000071ae00000|  0%| F|  |TAMS 0x000000071ac00000, 0x000000071ac00000| Untracked 
| 168|0x000000071ae00000, 0x000000071ae00000, 0x000000071b000000|  0%| F|  |TAMS 0x000000071ae00000, 0x000000071ae00000| Untracked 
| 169|0x000000071b000000, 0x000000071b000000, 0x000000071b200000|  0%| F|  |TAMS 0x000000071b000000, 0x000000071b000000| Untracked 
| 170|0x000000071b200000, 0x000000071b200000, 0x000000071b400000|  0%| F|  |TAMS 0x000000071b200000, 0x000000071b200000| Untracked 
| 171|0x000000071b400000, 0x000000071b400000, 0x000000071b600000|  0%| F|  |TAMS 0x000000071b400000, 0x000000071b400000| Untracked 
| 172|0x000000071b600000, 0x000000071b600000, 0x000000071b800000|  0%| F|  |TAMS 0x000000071b600000, 0x000000071b600000| Untracked 
| 173|0x000000071b800000, 0x000000071b800000, 0x000000071ba00000|  0%| F|  |TAMS 0x000000071b800000, 0x000000071b800000| Untracked 
| 174|0x000000071ba00000, 0x000000071ba00000, 0x000000071bc00000|  0%| F|  |TAMS 0x000000071ba00000, 0x000000071ba00000| Untracked 
| 175|0x000000071bc00000, 0x000000071bc00000, 0x000000071be00000|  0%| F|  |TAMS 0x000000071bc00000, 0x000000071bc00000| Untracked 
| 176|0x000000071be00000, 0x000000071be00000, 0x000000071c000000|  0%| F|  |TAMS 0x000000071be00000, 0x000000071be00000| Untracked 
| 177|0x000000071c000000, 0x000000071c000000, 0x000000071c200000|  0%| F|  |TAMS 0x000000071c000000, 0x000000071c000000| Untracked 
| 178|0x000000071c200000, 0x000000071c200000, 0x000000071c400000|  0%| F|  |TAMS 0x000000071c200000, 0x000000071c200000| Untracked 
| 179|0x000000071c400000, 0x000000071c400000, 0x000000071c600000|  0%| F|  |TAMS 0x000000071c400000, 0x000000071c400000| Untracked 
| 180|0x000000071c600000, 0x000000071c600000, 0x000000071c800000|  0%| F|  |TAMS 0x000000071c600000, 0x000000071c600000| Untracked 
| 181|0x000000071c800000, 0x000000071c800000, 0x000000071ca00000|  0%| F|  |TAMS 0x000000071c800000, 0x000000071c800000| Untracked 
| 182|0x000000071ca00000, 0x000000071ca00000, 0x000000071cc00000|  0%| F|  |TAMS 0x000000071ca00000, 0x000000071ca00000| Untracked 
| 183|0x000000071cc00000, 0x000000071cc00000, 0x000000071ce00000|  0%| F|  |TAMS 0x000000071cc00000, 0x000000071cc00000| Untracked 
| 184|0x000000071ce00000, 0x000000071ce00000, 0x000000071d000000|  0%| F|  |TAMS 0x000000071ce00000, 0x000000071ce00000| Untracked 
| 185|0x000000071d000000, 0x000000071d000000, 0x000000071d200000|  0%| F|  |TAMS 0x000000071d000000, 0x000000071d000000| Untracked 
| 186|0x000000071d200000, 0x000000071d200000, 0x000000071d400000|  0%| F|  |TAMS 0x000000071d200000, 0x000000071d200000| Untracked 
| 187|0x000000071d400000, 0x000000071d400000, 0x000000071d600000|  0%| F|  |TAMS 0x000000071d400000, 0x000000071d400000| Untracked 
| 188|0x000000071d600000, 0x000000071d600000, 0x000000071d800000|  0%| F|  |TAMS 0x000000071d600000, 0x000000071d600000| Untracked 
| 189|0x000000071d800000, 0x000000071d800000, 0x000000071da00000|  0%| F|  |TAMS 0x000000071d800000, 0x000000071d800000| Untracked 
| 190|0x000000071da00000, 0x000000071da00000, 0x000000071dc00000|  0%| F|  |TAMS 0x000000071da00000, 0x000000071da00000| Untracked 
| 191|0x000000071dc00000, 0x000000071dc00000, 0x000000071de00000|  0%| F|  |TAMS 0x000000071dc00000, 0x000000071dc00000| Untracked 
| 192|0x000000071de00000, 0x000000071de00000, 0x000000071e000000|  0%| F|  |TAMS 0x000000071de00000, 0x000000071de00000| Untracked 
| 193|0x000000071e000000, 0x000000071e000000, 0x000000071e200000|  0%| F|  |TAMS 0x000000071e000000, 0x000000071e000000| Untracked 

Card table byte_map: [0x000001cb6c4e0000,0x000001cb6ccc0000] _byte_map_base: 0x000001cb68cb1000

Marking Bits (Prev, Next): (CMBitMap*) 0x000001cb60a04710, (CMBitMap*) 0x000001cb60a046d0
 Prev Bits: [0x000001cb71330000, 0x000001cb751b8000)
 Next Bits: [0x000001cb6d4a0000, 0x000001cb71328000)

Polling page: 0x000001cb5e6c0000

Metaspace:

Usage:
  Non-class:     60.53 MB used.
      Class:      9.74 MB used.
       Both:     70.27 MB used.

Virtual space:
  Non-class space:       64.00 MB reserved,      61.19 MB ( 96%) committed,  1 nodes.
      Class space:        1.00 GB reserved,      10.44 MB (  1%) committed,  1 nodes.
             Both:        1.06 GB reserved,      71.62 MB (  7%) committed. 

Chunk freelists:
   Non-Class:  2.32 MB
       Class:  5.60 MB
        Both:  7.92 MB

MaxMetaspaceSize: unlimited
CompressedClassSpaceSize: 1.00 GB
Initial GC threshold: 21.00 MB
Current GC threshold: 117.31 MB
CDS: on
MetaspaceReclaimPolicy: balanced
 - commit_granule_bytes: 65536.
 - commit_granule_words: 8192.
 - virtual_space_node_default_size: 8388608.
 - enlarge_chunks_in_place: 1.
 - new_chunks_are_fully_committed: 0.
 - uncommit_free_chunks: 1.
 - use_allocation_guard: 0.
 - handle_deallocations: 1.


Internal statistics:

num_allocs_failed_limit: 6.
num_arena_births: 2594.
num_arena_deaths: 838.
num_vsnodes_births: 2.
num_vsnodes_deaths: 0.
num_space_committed: 1176.
num_space_uncommitted: 30.
num_chunks_returned_to_freelist: 1657.
num_chunks_taken_from_freelist: 6686.
num_chunk_merges: 250.
num_chunk_splits: 3424.
num_chunks_enlarged: 1960.
num_inconsistent_stats: 0.

CodeCache: size=49152Kb used=28306Kb max_used=31707Kb free=20845Kb
 bounds [0x000001cb68480000, 0x000001cb6a380000, 0x000001cb6b480000]
 total_blobs=15921 nmethods=15304 adapters=542
 compilation: enabled
              stopped_count=0, restarted_count=0
 full_count=0

Compilation events (20 events):
Event: 6250.708 Thread 0x000001cb77f2b170 nmethod 15287 0x000001cb69fc1390 code [0x000001cb69fc1540, 0x000001cb69fc1758]
Event: 6250.708 Thread 0x000001cb41ebb120 nmethod 15289 0x000001cb69fc0f90 code [0x000001cb69fc1140, 0x000001cb69fc12a8]
Event: 6250.708 Thread 0x000001cb77f2b170 15290       1       org.apache.catalina.core.ApplicationFilterRegistration::setAsyncSupported (15 bytes)
Event: 6250.708 Thread 0x000001cb41ebb120 15291       1       org.apache.tomcat.util.descriptor.web.FilterMap::<init> (41 bytes)
Event: 6250.708 Thread 0x000001cb41ebb120 nmethod 15291 0x000001cb69fc0990 code [0x000001cb69fc0b40, 0x000001cb69fc0ed8]
Event: 6250.708 Thread 0x000001cb41ebb120 15292       1       org.apache.tomcat.util.descriptor.web.FilterMap::addURLPatternDecoded (64 bytes)
Event: 6250.708 Thread 0x000001cb41ebdba0 nmethod 15285 0x000001cb69fc0410 code [0x000001cb69fc05c0, 0x000001cb69fc08f8]
Event: 6250.708 Thread 0x000001cb77f2b170 nmethod 15290 0x000001cb69fc0010 code [0x000001cb69fc01a0, 0x000001cb69fc0318]
Event: 6250.708 Thread 0x000001cb41ebc110 nmethod 15284 0x000001cb69fbeb90 code [0x000001cb69fbee20, 0x000001cb69fbfa18]
Event: 6250.709 Thread 0x000001cb41ebb120 nmethod 15292 0x000001cb69fbe410 code [0x000001cb69fbe5e0, 0x000001cb69fbe9e8]
Event: 6250.722 Thread 0x000001cb41ebc110 15301       1       java.util.ResourceBundle::getString (9 bytes)
Event: 6250.722 Thread 0x000001cb41ebc110 nmethod 15301 0x000001cb69fbe090 code [0x000001cb69fbe220, 0x000001cb69fbe348]
Event: 6250.722 Thread 0x000001cb41ebc110 15302   !   1       org.apache.catalina.core.ApplicationFilterConfig::release (209 bytes)
Event: 6250.722 Thread 0x000001cb41ebdba0 15303   !   1       org.apache.catalina.core.ApplicationFilterConfig::unregisterJMX (107 bytes)
Event: 6250.723 Thread 0x000001cb41ebdba0 nmethod 15303 0x000001cb69fbcf10 code [0x000001cb69fbd160, 0x000001cb69fbda58]
Event: 6250.723 Thread 0x000001cb41ebc110 nmethod 15302 0x000001cb69fbb410 code [0x000001cb69fbb6e0, 0x000001cb69fbc748]
Event: 6265.396 Thread 0x000001cb77f2b170 15304       1       java.nio.charset.Charset::lookup2 (78 bytes)
Event: 6265.396 Thread 0x000001cb77f2b170 nmethod 15304 0x000001cb69fba790 code [0x000001cb69fba9a0, 0x000001cb69fbb148]
Event: 6265.400 Thread 0x000001cb77f2b170 15305       1       org.springframework.core.annotation.AnnotationAttributes::getClassArray (11 bytes)
Event: 6265.400 Thread 0x000001cb77f2b170 nmethod 15305 0x000001cb69fba410 code [0x000001cb69fba5a0, 0x000001cb69fba6c8]

GC Heap History (20 events):
Event: 6131.661 GC heap after
{Heap after GC invocations=192 (full 7):
 garbage-first heap   total 198656K, used 69375K [0x0000000705e00000, 0x0000000800000000)
  region size 2048K, 1 young (2048K), 1 survivors (2048K)
 Metaspace       used 67739K, committed 68864K, reserved 1114112K
  class space    used 9518K, committed 10048K, reserved 1048576K
}
Event: 6136.603 GC heap before
{Heap before GC invocations=192 (full 7):
 garbage-first heap   total 198656K, used 159487K [0x0000000705e00000, 0x0000000800000000)
  region size 2048K, 46 young (94208K), 1 survivors (2048K)
 Metaspace       used 68189K, committed 69312K, reserved 1114112K
  class space    used 9568K, committed 10112K, reserved 1048576K
}
Event: 6136.607 GC heap after
{Heap after GC invocations=193 (full 7):
 garbage-first heap   total 397312K, used 73922K [0x0000000705e00000, 0x0000000800000000)
  region size 2048K, 3 young (6144K), 3 survivors (6144K)
 Metaspace       used 68189K, committed 69312K, reserved 1114112K
  class space    used 9568K, committed 10112K, reserved 1048576K
}
Event: 6145.196 GC heap before
{Heap before GC invocations=194 (full 7):
 garbage-first heap   total 274432K, used 229570K [0x0000000705e00000, 0x0000000800000000)
  region size 2048K, 80 young (163840K), 3 survivors (6144K)
 Metaspace       used 69080K, committed 70272K, reserved 1114112K
  class space    used 9668K, committed 10240K, reserved 1048576K
}
Event: 6145.200 GC heap after
{Heap after GC invocations=195 (full 7):
 garbage-first heap   total 274432K, used 80300K [0x0000000705e00000, 0x0000000800000000)
  region size 2048K, 6 young (12288K), 6 survivors (12288K)
 Metaspace       used 69080K, committed 70272K, reserved 1114112K
  class space    used 9668K, committed 10240K, reserved 1048576K
}
Event: 6145.207 GC heap before
{Heap before GC invocations=195 (full 7):
 garbage-first heap   total 274432K, used 82348K [0x0000000705e00000, 0x0000000800000000)
  region size 2048K, 7 young (14336K), 6 survivors (12288K)
 Metaspace       used 69080K, committed 70272K, reserved 1114112K
  class space    used 9668K, committed 10240K, reserved 1048576K
}
Event: 6145.211 GC heap after
{Heap after GC invocations=196 (full 7):
 garbage-first heap   total 274432K, used 81338K [0x0000000705e00000, 0x0000000800000000)
  region size 2048K, 1 young (2048K), 1 survivors (2048K)
 Metaspace       used 69080K, committed 70272K, reserved 1114112K
  class space    used 9668K, committed 10240K, reserved 1048576K
}
Event: 6172.885 GC heap before
{Heap before GC invocations=196 (full 7):
 garbage-first heap   total 274432K, used 224698K [0x0000000705e00000, 0x0000000800000000)
  region size 2048K, 71 young (145408K), 1 survivors (2048K)
 Metaspace       used 69872K, committed 71168K, reserved 1114112K
  class space    used 9759K, committed 10368K, reserved 1048576K
}
Event: 6172.888 GC heap after
{Heap after GC invocations=197 (full 7):
 garbage-first heap   total 274432K, used 85005K [0x0000000705e00000, 0x0000000800000000)
  region size 2048K, 3 young (6144K), 3 survivors (6144K)
 Metaspace       used 69872K, committed 71168K, reserved 1114112K
  class space    used 9759K, committed 10368K, reserved 1048576K
}
Event: 6213.317 GC heap before
{Heap before GC invocations=198 (full 7):
 garbage-first heap   total 274432K, used 224269K [0x0000000705e00000, 0x0000000800000000)
  region size 2048K, 71 young (145408K), 3 survivors (6144K)
 Metaspace       used 70285K, committed 71552K, reserved 1114112K
  class space    used 9801K, committed 10432K, reserved 1048576K
}
Event: 6213.321 GC heap after
{Heap after GC invocations=199 (full 7):
 garbage-first heap   total 274432K, used 87879K [0x0000000705e00000, 0x0000000800000000)
  region size 2048K, 5 young (10240K), 5 survivors (10240K)
 Metaspace       used 70285K, committed 71552K, reserved 1114112K
  class space    used 9801K, committed 10432K, reserved 1048576K
}
Event: 6214.491 GC heap before
{Heap before GC invocations=199 (full 7):
 garbage-first heap   total 274432K, used 89927K [0x0000000705e00000, 0x0000000800000000)
  region size 2048K, 6 young (12288K), 5 survivors (10240K)
 Metaspace       used 70285K, committed 71552K, reserved 1114112K
  class space    used 9801K, committed 10432K, reserved 1048576K
}
Event: 6214.495 GC heap after
{Heap after GC invocations=200 (full 7):
 garbage-first heap   total 274432K, used 88500K [0x0000000705e00000, 0x0000000800000000)
  region size 2048K, 1 young (2048K), 1 survivors (2048K)
 Metaspace       used 70285K, committed 71552K, reserved 1114112K
  class space    used 9801K, committed 10432K, reserved 1048576K
}
Event: 6243.816 GC heap before
{Heap before GC invocations=200 (full 7):
 garbage-first heap   total 274432K, used 225716K [0x0000000705e00000, 0x0000000800000000)
  region size 2048K, 69 young (141312K), 1 survivors (2048K)
 Metaspace       used 70780K, committed 72064K, reserved 1114112K
  class space    used 9859K, committed 10496K, reserved 1048576K
}
Event: 6243.819 GC heap after
{Heap after GC invocations=201 (full 7):
 garbage-first heap   total 274432K, used 93479K [0x0000000705e00000, 0x0000000800000000)
  region size 2048K, 4 young (8192K), 4 survivors (8192K)
 Metaspace       used 70780K, committed 72064K, reserved 1114112K
  class space    used 9859K, committed 10496K, reserved 1048576K
}
Event: 6245.906 GC heap before
{Heap before GC invocations=202 (full 7):
 garbage-first heap   total 274432K, used 224551K [0x0000000705e00000, 0x0000000800000000)
  region size 2048K, 68 young (139264K), 4 survivors (8192K)
 Metaspace       used 71450K, committed 72832K, reserved 1114112K
  class space    used 9920K, committed 10624K, reserved 1048576K
}
Event: 6245.911 GC heap after
{Heap after GC invocations=203 (full 7):
 garbage-first heap   total 274432K, used 99307K [0x0000000705e00000, 0x0000000800000000)
  region size 2048K, 6 young (12288K), 6 survivors (12288K)
 Metaspace       used 71450K, committed 72832K, reserved 1114112K
  class space    used 9920K, committed 10624K, reserved 1048576K
}
Event: 6245.914 GC heap before
{Heap before GC invocations=203 (full 7):
 garbage-first heap   total 274432K, used 101355K [0x0000000705e00000, 0x0000000800000000)
  region size 2048K, 7 young (14336K), 6 survivors (12288K)
 Metaspace       used 71450K, committed 72832K, reserved 1114112K
  class space    used 9920K, committed 10624K, reserved 1048576K
}
Event: 6245.920 GC heap after
{Heap after GC invocations=204 (full 7):
 garbage-first heap   total 274432K, used 99372K [0x0000000705e00000, 0x0000000800000000)
  region size 2048K, 1 young (2048K), 1 survivors (2048K)
 Metaspace       used 71450K, committed 72832K, reserved 1114112K
  class space    used 9920K, committed 10624K, reserved 1048576K
}
Event: 6265.425 GC heap before
{Heap before GC invocations=204 (full 7):
 garbage-first heap   total 274432K, used 224300K [0x0000000705e00000, 0x0000000800000000)
  region size 2048K, 63 young (129024K), 1 survivors (2048K)
 Metaspace       used 71959K, committed 73344K, reserved 1114112K
  class space    used 9977K, committed 10688K, reserved 1048576K
}

Dll operation events (13 events):
Event: 0.005 Loaded shared library D:\Programs\Java\Liberica JDK 17\bin\java.dll
Event: 0.017 Loaded shared library D:\Programs\Java\Liberica JDK 17\bin\jsvml.dll
Event: 0.069 Loaded shared library D:\Programs\Java\Liberica JDK 17\bin\zip.dll
Event: 0.069 Loaded shared library D:\Programs\Java\Liberica JDK 17\bin\instrument.dll
Event: 0.071 Loaded shared library D:\Programs\Java\Liberica JDK 17\bin\net.dll
Event: 0.072 Loaded shared library D:\Programs\Java\Liberica JDK 17\bin\nio.dll
Event: 0.073 Loaded shared library D:\Programs\Java\Liberica JDK 17\bin\zip.dll
Event: 0.110 Loaded shared library D:\Programs\IntelliJ IDEA 2023.2.3\bin\breakgen64.dll
Event: 0.111 Loaded shared library D:\Programs\Java\Liberica JDK 17\bin\jimage.dll
Event: 0.118 Loaded shared library D:\Programs\Java\Liberica JDK 17\bin\management.dll
Event: 0.123 Loaded shared library D:\Programs\Java\Liberica JDK 17\bin\management_ext.dll
Event: 0.224 Loaded shared library D:\Programs\Java\Liberica JDK 17\bin\verify.dll
Event: 1.368 Loaded shared library D:\Programs\Java\Liberica JDK 17\bin\sunmscapi.dll

Deoptimization events (20 events):
Event: 2.471 Thread 0x000001cb7d7e1060 DEOPT PACKING pc=0x000001cb68d42f52 sp=0x0000002c457fc190
Event: 2.471 Thread 0x000001cb7d7e1060 DEOPT UNPACKING pc=0x000001cb684d7143 sp=0x0000002c457fb698 mode 3
Event: 2.484 Thread 0x000001cb7d7e1060 DEOPT PACKING pc=0x000001cb6900f8a5 sp=0x0000002c457fbdf0
Event: 2.484 Thread 0x000001cb7d7e1060 DEOPT UNPACKING pc=0x000001cb684d7143 sp=0x0000002c457fb358 mode 3
Event: 2.813 Thread 0x000001cb7d7e1060 DEOPT PACKING pc=0x000001cb692cee93 sp=0x0000002c457fa280
Event: 2.813 Thread 0x000001cb7d7e1060 DEOPT UNPACKING pc=0x000001cb684d7143 sp=0x0000002c457f97c8 mode 3
Event: 6.332 Thread 0x000001cb7f30f050 DEOPT PACKING pc=0x000001cb68af04a1 sp=0x0000002c46b6d2b0
Event: 6.332 Thread 0x000001cb7f30f050 DEOPT UNPACKING pc=0x000001cb684d7143 sp=0x0000002c46b6c888 mode 3
Event: 6.428 Thread 0x000001cb7f30f050 DEOPT PACKING pc=0x000001cb68939343 sp=0x0000002c46bfbbb0
Event: 6.428 Thread 0x000001cb7f30f050 DEOPT UNPACKING pc=0x000001cb684d7143 sp=0x0000002c46bfb0e0 mode 3
Event: 7.788 Thread 0x000001cb7f30d700 DEOPT PACKING pc=0x000001cb688d5c93 sp=0x0000002c471fb6d0
Event: 7.788 Thread 0x000001cb7f30d700 DEOPT UNPACKING pc=0x000001cb684d7143 sp=0x0000002c471fabf8 mode 3
Event: 565.818 Thread 0x000001cb7f2f7e20 DEOPT PACKING pc=0x000001cb6949accb sp=0x0000002c430fd880
Event: 565.818 Thread 0x000001cb7f2f7e20 DEOPT UNPACKING pc=0x000001cb684d7143 sp=0x0000002c430fcd48 mode 3
Event: 566.414 Thread 0x000001cb7f30d700 DEOPT PACKING pc=0x000001cb6860dbc3 sp=0x0000002c432fd6d0
Event: 566.414 Thread 0x000001cb7f30d700 DEOPT UNPACKING pc=0x000001cb684d7143 sp=0x0000002c432fcb98 mode 3
Event: 908.765 Thread 0x000001cb7f2a3f00 DEOPT PACKING pc=0x000001cb686576d4 sp=0x0000002c44afa030
Event: 908.765 Thread 0x000001cb7f2a3f00 DEOPT UNPACKING pc=0x000001cb684d7143 sp=0x0000002c44af94c8 mode 3
Event: 2651.984 Thread 0x000001cb7f312700 DEOPT PACKING pc=0x000001cb69b1724d sp=0x0000002c456f7030
Event: 2651.984 Thread 0x000001cb7f312700 DEOPT UNPACKING pc=0x000001cb684d7143 sp=0x0000002c456f6538 mode 3

Classes unloaded (20 events):
Event: 4647.216 Thread 0x000001cb77f076f0 Unloading class 0x000001cb0193b400 'jdk/internal/reflect/GeneratedMethodAccessor585'
Event: 4647.216 Thread 0x000001cb77f076f0 Unloading class 0x000001cb01916000 'jdk/internal/reflect/GeneratedMethodAccessor582'
Event: 4647.216 Thread 0x000001cb77f076f0 Unloading class 0x000001cb01959800 'jdk/internal/reflect/GeneratedSerializationConstructorAccessor60'
Event: 4834.216 Thread 0x000001cb77f076f0 Unloading class 0x000001cb01967800 'jdk/internal/reflect/GeneratedMethodAccessor594'
Event: 4834.216 Thread 0x000001cb77f076f0 Unloading class 0x000001cb01930c00 'jdk/internal/reflect/GeneratedMethodAccessor589'
Event: 4834.216 Thread 0x000001cb77f076f0 Unloading class 0x000001cb010c0800 'jdk/internal/reflect/GeneratedConstructorAccessor209'
Event: 4834.216 Thread 0x000001cb77f076f0 Unloading class 0x000001cb018c7800 'jdk/internal/reflect/GeneratedConstructorAccessor208'
Event: 4834.216 Thread 0x000001cb77f076f0 Unloading class 0x000001cb0192b000 'jdk/internal/reflect/GeneratedConstructorAccessor207'
Event: 4834.216 Thread 0x000001cb77f076f0 Unloading class 0x000001cb019a0000 'jdk/internal/reflect/GeneratedConstructorAccessor206'
Event: 4834.216 Thread 0x000001cb77f076f0 Unloading class 0x000001cb019b8c00 'jdk/internal/reflect/GeneratedConstructorAccessor205'
Event: 4834.216 Thread 0x000001cb77f076f0 Unloading class 0x000001cb019ba800 'jdk/internal/reflect/GeneratedMethodAccessor549'
Event: 6129.727 Thread 0x000001cb77f076f0 Unloading class 0x000001cb018cb800 'jdk/internal/reflect/GeneratedSerializationConstructorAccessor62'
Event: 6136.630 Thread 0x000001cb77f076f0 Unloading class 0x000001cb019c1000 'jdk/internal/reflect/GeneratedSerializationConstructorAccessor64'
Event: 6136.630 Thread 0x000001cb77f076f0 Unloading class 0x000001cb0195dc00 'jdk/internal/reflect/GeneratedSerializationConstructorAccessor63'
Event: 6172.906 Thread 0x000001cb77f076f0 Unloading class 0x000001cb019f8000 'jdk/internal/reflect/GeneratedSerializationConstructorAccessor67'
Event: 6172.906 Thread 0x000001cb77f076f0 Unloading class 0x000001cb0195dc00 'jdk/internal/reflect/GeneratedSerializationConstructorAccessor66'
Event: 6172.906 Thread 0x000001cb77f076f0 Unloading class 0x000001cb019d2800 'jdk/internal/reflect/GeneratedSerializationConstructorAccessor65'
Event: 6243.843 Thread 0x000001cb77f076f0 Unloading class 0x000001cb01a28400 'jdk/internal/reflect/GeneratedSerializationConstructorAccessor70'
Event: 6243.843 Thread 0x000001cb77f076f0 Unloading class 0x000001cb01a19c00 'jdk/internal/reflect/GeneratedSerializationConstructorAccessor69'
Event: 6243.843 Thread 0x000001cb77f076f0 Unloading class 0x000001cb01a04400 'jdk/internal/reflect/GeneratedSerializationConstructorAccessor68'

Classes redefined (0 events):
No events

Internal exceptions (20 events):
Event: 6250.511 Thread 0x000001cb7f313630 Exception <a 'java/lang/NoClassDefFoundError'{0x000000071376c820}: org/springframework/batch/core/repository/JobRepository> (0x000000071376c820) 
thrown [s\src\hotspot\share\oops\constantPool.cpp, line 835]
Event: 6250.511 Thread 0x000001cb7f313630 Exception <a 'java/lang/NoClassDefFoundError'{0x000000071376ce68}: org/quartz/Scheduler> (0x000000071376ce68) 
thrown [s\src\hotspot\share\oops\constantPool.cpp, line 835]
Event: 6250.511 Thread 0x000001cb7f313630 Exception <a 'java/lang/NoClassDefFoundError'{0x000000071376d4d8}: org/springframework/session/jdbc/JdbcIndexedSessionRepository> (0x000000071376d4d8) 
thrown [s\src\hotspot\share\oops\constantPool.cpp, line 835]
Event: 6250.527 Thread 0x000001cb7f313630 Exception <a 'sun/nio/fs/WindowsException'{0x0000000712e56660}> (0x0000000712e56660) 
thrown [s\src\hotspot\share\prims\jni.cpp, line 516]
Event: 6250.527 Thread 0x000001cb7f313630 Exception <a 'sun/nio/fs/WindowsException'{0x0000000712e56cc8}> (0x0000000712e56cc8) 
thrown [s\src\hotspot\share\prims\jni.cpp, line 516]
Event: 6250.527 Thread 0x000001cb7f313630 Exception <a 'sun/nio/fs/WindowsException'{0x0000000712e573a0}> (0x0000000712e573a0) 
thrown [s\src\hotspot\share\prims\jni.cpp, line 516]
Event: 6250.531 Thread 0x000001cb7f313630 Exception <a 'java/io/FileNotFoundException'{0x0000000712ea8408}> (0x0000000712ea8408) 
thrown [s\src\hotspot\share\prims\jni.cpp, line 516]
Event: 6250.678 Thread 0x000001cb7f313630 Exception <a 'java/lang/ClassNotFoundException'{0x0000000711d50ec8}: java/lang/ObjectCustomizer> (0x0000000711d50ec8) 
thrown [s\src\hotspot\share\classfile\systemDictionary.cpp, line 256]
Event: 6250.678 Thread 0x000001cb7f313630 Exception <a 'java/lang/ClassNotFoundException'{0x0000000711d5f018}: com/eventshub/model/UserCustomizer> (0x0000000711d5f018) 
thrown [s\src\hotspot\share\classfile\systemDictionary.cpp, line 256]
Event: 6250.679 Thread 0x000001cb7f313630 Exception <a 'java/lang/ClassNotFoundException'{0x0000000711dcf520}: java/lang/ObjectCustomizer> (0x0000000711dcf520) 
thrown [s\src\hotspot\share\classfile\systemDictionary.cpp, line 256]
Event: 6250.679 Thread 0x000001cb7f313630 Exception <a 'java/lang/ClassNotFoundException'{0x0000000711ddd1b8}: com/eventshub/model/RoleCustomizer> (0x0000000711ddd1b8) 
thrown [s\src\hotspot\share\classfile\systemDictionary.cpp, line 256]
Event: 6250.680 Thread 0x000001cb7f313630 Exception <a 'java/lang/ClassNotFoundException'{0x0000000711a26358}: java/lang/ObjectCustomizer> (0x0000000711a26358) 
thrown [s\src\hotspot\share\classfile\systemDictionary.cpp, line 256]
Event: 6250.680 Thread 0x000001cb7f313630 Exception <a 'java/lang/ClassNotFoundException'{0x0000000711a33ff0}: com/eventshub/model/ClubCustomizer> (0x0000000711a33ff0) 
thrown [s\src\hotspot\share\classfile\systemDictionary.cpp, line 256]
Event: 6250.681 Thread 0x000001cb7f313630 Exception <a 'java/lang/ClassNotFoundException'{0x0000000711a8ecf8}: java/lang/ObjectCustomizer> (0x0000000711a8ecf8) 
thrown [s\src\hotspot\share\classfile\systemDictionary.cpp, line 256]
Event: 6250.681 Thread 0x000001cb7f313630 Exception <a 'java/lang/ClassNotFoundException'{0x0000000711a9d1e8}: com/eventshub/model/EventCustomizer> (0x0000000711a9d1e8) 
thrown [s\src\hotspot\share\classfile\systemDictionary.cpp, line 256]
Event: 6250.706 Thread 0x000001cb7f313630 Exception <a 'java/io/FileNotFoundException'{0x00000007113785d0}> (0x00000007113785d0) 
thrown [s\src\hotspot\share\prims\jni.cpp, line 516]
Event: 6250.723 Thread 0x000001cb41df43c0 Exception <a 'java/lang/InterruptedException'{0x000000071108f3c0}: sleep interrupted> (0x000000071108f3c0) 
thrown [s\src\hotspot\share\prims\jvm.cpp, line 3070]
Event: 6250.726 Thread 0x000001cb7f313630 Exception <a 'java/lang/NoClassDefFoundError'{0x00000007110ddb50}: liquibase/exception/ChangeLogParseException> (0x00000007110ddb50) 
thrown [s\src\hotspot\share\classfile\systemDictionary.cpp, line 245]
Event: 6250.727 Thread 0x000001cb7f313630 Exception <a 'java/lang/reflect/InvocationTargetException'{0x00000007111216e0}> (0x00000007111216e0) 
thrown [s\src\hotspot\share\runtime\reflection.cpp, line 1121]
Event: 6265.388 Thread 0x000001cb7d6a6f60 Exception <a 'sun/nio/fs/WindowsException'{0x000000070f241068}> (0x000000070f241068) 
thrown [s\src\hotspot\share\prims\jni.cpp, line 516]

VM Operations (20 events):
Event: 6215.438 Executing VM operation: HandshakeAllThreads done
Event: 6243.816 Executing VM operation: G1CollectForAllocation
Event: 6243.819 Executing VM operation: G1CollectForAllocation done
Event: 6243.843 Executing VM operation: G1PauseRemark
Event: 6243.853 Executing VM operation: G1PauseRemark done
Event: 6243.867 Executing VM operation: G1PauseCleanup
Event: 6243.867 Executing VM operation: G1PauseCleanup done
Event: 6244.873 Executing VM operation: Cleanup
Event: 6244.873 Executing VM operation: Cleanup done
Event: 6245.878 Executing VM operation: Cleanup
Event: 6245.879 Executing VM operation: Cleanup done
Event: 6245.906 Executing VM operation: G1CollectForAllocation
Event: 6245.911 Executing VM operation: G1CollectForAllocation done
Event: 6245.914 Executing VM operation: G1CollectForAllocation
Event: 6245.920 Executing VM operation: G1CollectForAllocation done
Event: 6246.922 Executing VM operation: Cleanup
Event: 6246.922 Executing VM operation: Cleanup done
Event: 6250.970 Executing VM operation: Cleanup
Event: 6250.971 Executing VM operation: Cleanup done
Event: 6265.425 Executing VM operation: G1CollectForAllocation

Events (20 events):
Event: 6250.681 loading class java/lang/ObjectCustomizer done
Event: 6250.691 Thread 0x000001cb7f2a39f0 Thread added: 0x000001cb7f2a39f0
Event: 6250.706 Thread 0x000001cb7d5a7310 Thread added: 0x000001cb7d5a7310
Event: 6250.707 Thread 0x000001cb7d5a7820 Thread added: 0x000001cb7d5a7820
Event: 6250.707 Thread 0x000001cb41df43c0 Thread added: 0x000001cb41df43c0
Event: 6250.710 Thread 0x000001cb4207d560 Thread added: 0x000001cb4207d560
Event: 6250.721 Thread 0x000001cb7f2a39f0 Thread exited: 0x000001cb7f2a39f0
Event: 6250.722 Thread 0x000001cb7d5a7d30 Thread exited: 0x000001cb7d5a7d30
Event: 6250.722 Thread 0x000001cb4207d560 Thread exited: 0x000001cb4207d560
Event: 6250.723 Thread 0x000001cb41df43c0 Thread exited: 0x000001cb41df43c0
Event: 6250.724 Thread 0x000001cb7d5a7310 Thread exited: 0x000001cb7d5a7310
Event: 6250.724 Thread 0x000001cb7d5a7820 Thread exited: 0x000001cb7d5a7820
Event: 6250.727 Thread 0x000001cb7f313630 Thread exited: 0x000001cb7f313630
Event: 6250.727 Thread 0x000001cb4207d560 Thread added: 0x000001cb4207d560
Event: 6255.722 Thread 0x000001cb41ebb120 Thread exited: 0x000001cb41ebb120
Event: 6260.733 Thread 0x000001cb41ebdba0 Thread exited: 0x000001cb41ebdba0
Event: 6260.745 Thread 0x000001cb41ebc110 Thread exited: 0x000001cb41ebc110
Event: 6265.385 Thread 0x000001cb7d6a6f60 Thread added: 0x000001cb7d6a6f60
Event: 6265.412 Thread 0x000001cb421c4180 Thread added: 0x000001cb421c4180
Event: 6265.419 Thread 0x000001cb421c4180 Thread exited: 0x000001cb421c4180


Dynamic libraries:
0x00007ff60f880000 - 0x00007ff60f88e000 	D:\Programs\Java\Liberica JDK 17\bin\java.exe
0x00007ffb50270000 - 0x00007ffb50487000 	C:\Windows\SYSTEM32\ntdll.dll
0x00007ffb4fbf0000 - 0x00007ffb4fcb4000 	C:\Windows\System32\KERNEL32.DLL
0x00007ffb4d760000 - 0x00007ffb4db06000 	C:\Windows\System32\KERNELBASE.dll
0x00007ffb4db10000 - 0x00007ffb4dc21000 	C:\Windows\System32\ucrtbase.dll
0x00007ffb3c170000 - 0x00007ffb3c18b000 	D:\Programs\Java\Liberica JDK 17\bin\VCRUNTIME140.dll
0x00007ffb3c2e0000 - 0x00007ffb3c2f7000 	D:\Programs\Java\Liberica JDK 17\bin\jli.dll
0x00007ffb4ff10000 - 0x00007ffb500bd000 	C:\Windows\System32\USER32.dll
0x00007ffb4dd90000 - 0x00007ffb4ddb6000 	C:\Windows\System32\win32u.dll
0x00007ffb4ecc0000 - 0x00007ffb4ece9000 	C:\Windows\System32\GDI32.dll
0x00007ffb4ddc0000 - 0x00007ffb4ded8000 	C:\Windows\System32\gdi32full.dll
0x00007ffb42070000 - 0x00007ffb42303000 	C:\Windows\WinSxS\amd64_microsoft.windows.common-controls_6595b64144ccf1df_6.0.22621.2361_none_2712ced57382f843\COMCTL32.dll
0x00007ffb4dc30000 - 0x00007ffb4dcca000 	C:\Windows\System32\msvcp_win.dll
0x00007ffb4ecf0000 - 0x00007ffb4ed97000 	C:\Windows\System32\msvcrt.dll
0x00007ffb4faa0000 - 0x00007ffb4fad1000 	C:\Windows\System32\IMM32.DLL
0x00007ffb475f0000 - 0x00007ffb475fc000 	D:\Programs\Java\Liberica JDK 17\bin\vcruntime140_1.dll
0x00007ffb2fa00000 - 0x00007ffb2fa8e000 	D:\Programs\Java\Liberica JDK 17\bin\msvcp140.dll
0x00007ffae2e10000 - 0x00007ffae3a77000 	D:\Programs\Java\Liberica JDK 17\bin\server\jvm.dll
0x00007ffb4e190000 - 0x00007ffb4e240000 	C:\Windows\System32\ADVAPI32.dll
0x00007ffb4ec10000 - 0x00007ffb4ecb6000 	C:\Windows\System32\sechost.dll
0x00007ffb4fde0000 - 0x00007ffb4fef7000 	C:\Windows\System32\RPCRT4.dll
0x00007ffb45700000 - 0x00007ffb45709000 	C:\Windows\SYSTEM32\WSOCK32.dll
0x00007ffb4fa20000 - 0x00007ffb4fa91000 	C:\Windows\System32\WS2_32.dll
0x00007ffb42820000 - 0x00007ffb42854000 	C:\Windows\SYSTEM32\WINMM.dll
0x00007ffb4c480000 - 0x00007ffb4c4cd000 	C:\Windows\SYSTEM32\POWRPROF.dll
0x00007ffb3e9f0000 - 0x00007ffb3e9fa000 	C:\Windows\SYSTEM32\VERSION.dll
0x00007ffb4c460000 - 0x00007ffb4c473000 	C:\Windows\SYSTEM32\UMPDC.dll
0x00007ffb4c680000 - 0x00007ffb4c698000 	C:\Windows\SYSTEM32\kernel.appcore.dll
0x00007ffb475c0000 - 0x00007ffb475ca000 	D:\Programs\Java\Liberica JDK 17\bin\jimage.dll
0x00007ffb4a990000 - 0x00007ffb4abbe000 	C:\Windows\SYSTEM32\DBGHELP.DLL
0x00007ffb4e240000 - 0x00007ffb4e5ca000 	C:\Windows\System32\combase.dll
0x00007ffb500c0000 - 0x00007ffb50197000 	C:\Windows\System32\OLEAUT32.dll
0x00007ffb3dcd0000 - 0x00007ffb3dd02000 	C:\Windows\SYSTEM32\dbgcore.DLL
0x00007ffb4dee0000 - 0x00007ffb4df5a000 	C:\Windows\System32\bcryptPrimitives.dll
0x00007ffb42800000 - 0x00007ffb4280e000 	D:\Programs\Java\Liberica JDK 17\bin\instrument.dll
0x00007ffb2f9d0000 - 0x00007ffb2f9f5000 	D:\Programs\Java\Liberica JDK 17\bin\java.dll
0x00007ffb18c50000 - 0x00007ffb18d27000 	D:\Programs\Java\Liberica JDK 17\bin\jsvml.dll
0x00007ffb4ee20000 - 0x00007ffb4f678000 	C:\Windows\System32\SHELL32.dll
0x00007ffb4b520000 - 0x00007ffb4be12000 	C:\Windows\SYSTEM32\windows.storage.dll
0x00007ffb4b3e0000 - 0x00007ffb4b51e000 	C:\Windows\SYSTEM32\wintypes.dll
0x00007ffb4f680000 - 0x00007ffb4f773000 	C:\Windows\System32\SHCORE.dll
0x00007ffb4fd80000 - 0x00007ffb4fdde000 	C:\Windows\System32\shlwapi.dll
0x00007ffb4d520000 - 0x00007ffb4d546000 	C:\Windows\SYSTEM32\profapi.dll
0x00007ffb2f990000 - 0x00007ffb2f9a8000 	D:\Programs\Java\Liberica JDK 17\bin\zip.dll
0x00007ffb35e90000 - 0x00007ffb35ea9000 	D:\Programs\Java\Liberica JDK 17\bin\net.dll
0x00007ffb44d70000 - 0x00007ffb44ea7000 	C:\Windows\SYSTEM32\WINHTTP.dll
0x00007ffb4cba0000 - 0x00007ffb4cc09000 	C:\Windows\system32\mswsock.dll
0x00007ffb2f9b0000 - 0x00007ffb2f9c6000 	D:\Programs\Java\Liberica JDK 17\bin\nio.dll
0x00007ffb2cb80000 - 0x00007ffb2cb9a000 	D:\Programs\IntelliJ IDEA 2023.2.3\bin\breakgen64.dll
0x00007ffb4c0a0000 - 0x00007ffb4c199000 	C:\Windows\SYSTEM32\DNSAPI.dll
0x00007ffb4c070000 - 0x00007ffb4c09d000 	C:\Windows\SYSTEM32\IPHLPAPI.DLL
0x00007ffb4f9b0000 - 0x00007ffb4f9b9000 	C:\Windows\System32\NSI.dll
0x00007ffb429d0000 - 0x00007ffb429da000 	C:\Windows\System32\rasadhlp.dll
0x00007ffb413a0000 - 0x00007ffb41424000 	C:\Windows\System32\fwpuclnt.dll
0x00007ffb3d8f0000 - 0x00007ffb3d8fa000 	D:\Programs\Java\Liberica JDK 17\bin\management.dll
0x00007ffb3be90000 - 0x00007ffb3be9b000 	D:\Programs\Java\Liberica JDK 17\bin\management_ext.dll
0x00007ffb4fcc0000 - 0x00007ffb4fcc8000 	C:\Windows\System32\PSAPI.DLL
0x00007ffb4cdf0000 - 0x00007ffb4ce0b000 	C:\Windows\SYSTEM32\CRYPTSP.dll
0x00007ffb4c6a0000 - 0x00007ffb4c6d5000 	C:\Windows\system32\rsaenh.dll
0x00007ffb4cc90000 - 0x00007ffb4ccbc000 	C:\Windows\SYSTEM32\USERENV.dll
0x00007ffb4cfb0000 - 0x00007ffb4cfd8000 	C:\Windows\SYSTEM32\bcrypt.dll
0x00007ffb4ce10000 - 0x00007ffb4ce1c000 	C:\Windows\SYSTEM32\CRYPTBASE.dll
0x00007ffb429e0000 - 0x00007ffb429f9000 	C:\Windows\SYSTEM32\dhcpcsvc6.DLL
0x00007ffb42610000 - 0x00007ffb4262f000 	C:\Windows\SYSTEM32\dhcpcsvc.DLL
0x00007ffb330f0000 - 0x00007ffb33107000 	C:\Windows\system32\napinsp.dll
0x00007ffb0ff30000 - 0x00007ffb0ff4b000 	C:\Windows\system32\pnrpnsp.dll
0x00007ffb0ff10000 - 0x00007ffb0ff21000 	C:\Windows\System32\winrnr.dll
0x00007ffb1b620000 - 0x00007ffb1b635000 	C:\Windows\system32\wshbth.dll
0x00007ffb0fee0000 - 0x00007ffb0ff01000 	C:\Windows\system32\nlansp_c.dll
0x00007ffb3da50000 - 0x00007ffb3da60000 	D:\Programs\Java\Liberica JDK 17\bin\verify.dll
0x00007ffb3af50000 - 0x00007ffb3af5e000 	D:\Programs\Java\Liberica JDK 17\bin\sunmscapi.dll
0x00007ffb4d5f0000 - 0x00007ffb4d756000 	C:\Windows\System32\CRYPT32.dll
0x00007ffb4cf80000 - 0x00007ffb4cfad000 	C:\Windows\SYSTEM32\ncrypt.dll
0x00007ffb4cf40000 - 0x00007ffb4cf77000 	C:\Windows\SYSTEM32\NTASN1.dll
0x00007ffaf2f20000 - 0x00007ffaf2f28000 	C:\Windows\system32\wshunix.dll

dbghelp: loaded successfully - version: 4.0.5 - missing functions: none
symbol engine: initialized successfully - sym options: 0x614 - pdb path: .;D:\Programs\Java\Liberica JDK 17\bin;C:\Windows\SYSTEM32;C:\Windows\WinSxS\amd64_microsoft.windows.common-controls_6595b64144ccf1df_6.0.22621.2361_none_2712ced57382f843;D:\Programs\Java\Liberica JDK 17\bin\server;D:\Programs\IntelliJ IDEA 2023.2.3\bin

VM Arguments:
jvm_args: -XX:TieredStopAtLevel=1 -Dspring.output.ansi.enabled=always -Dcom.sun.management.jmxremote -Dspring.jmx.enabled=true -Dspring.liveBeansView.mbeanDomain -Dspring.application.admin.enabled=true -Dmanagement.endpoints.jmx.exposure.include=* -javaagent:D:\Programs\IntelliJ IDEA 2023.2.3\lib\idea_rt.jar=50391:D:\Programs\IntelliJ IDEA 2023.2.3\bin -Dfile.encoding=UTF-8 
java_command: com.eventshub.EventsApplication
java_class_path (initial): D:\my\study\projects\events\target\classes;C:\Users\ibuda\.m2\repository\com\google\api-client\google-api-client\2.0.0\google-api-client-2.0.0.jar;C:\Users\ibuda\.m2\repository\com\google\oauth-client\google-oauth-client\1.34.1\google-oauth-client-1.34.1.jar;C:\Users\ibuda\.m2\repository\com\google\http-client\google-http-client-gson\1.42.1\google-http-client-gson-1.42.1.jar;C:\Users\ibuda\.m2\repository\com\google\code\gson\gson\2.9.1\gson-2.9.1.jar;C:\Users\ibuda\.m2\repository\com\google\http-client\google-http-client-apache-v2\1.42.1\google-http-client-apache-v2-1.42.1.jar;C:\Users\ibuda\.m2\repository\org\apache\httpcomponents\httpcore\4.4.15\httpcore-4.4.15.jar;C:\Users\ibuda\.m2\repository\org\apache\httpcomponents\httpclient\4.5.13\httpclient-4.5.13.jar;C:\Users\ibuda\.m2\repository\commons-codec\commons-codec\1.15\commons-codec-1.15.jar;C:\Users\ibuda\.m2\repository\com\google\http-client\google-http-client\1.42.1\google-http-client-1.42.1.jar;C:\Users\ibuda\.m2\repository\io\opencensus\opencensus-api\0.31.1\opencensus-api-0.31.1.jar;C:\Users\ibuda\.m2\repository\io\grpc\grpc-context\1.27.2\grpc-context-1.27.2.jar;C:\Users\ibuda\.m2\repository\io\opencensus\opencensus-contrib-http-util\0.31.1\opencensus-contrib-http-util-0.31.1.jar;C:\Users\ibuda\.m2\repository\org\springframework\boot\spring-boot-starter-data-jpa\2.7.4\spring-boot-starter-data-jpa-2.7.4.jar;C:\Users\ibuda\.m2\repository\org\springframework\boot\spring-boot-starter-aop\2.7.4\spring-boot-starter-aop-2.7.4.jar;C:\Users\ibuda\.m2\repository\org\aspectj\aspectjweaver\1.9.7\aspectjweaver-1.9.7.jar;C:\Users\ibuda\.m2\repository\org\springframework\boot\spring-boot-starter-jdbc\2.7.4\spring-boot-starter-jdbc-2.7.4.jar;C:\Users\ibuda\.m2\repository\com\zaxxer\HikariCP\4.0.3\HikariCP-4.0.3.jar;C:\Users\ibuda\.m2\repository\org\springframework\spring-jdbc\5.3.23\spring-jdbc-5.3.23.jar;C:\Users\ibuda\.m2\repository\jakarta\transaction\jakarta.transaction-api\1.3.3\jakarta.
Launcher Type: SUN_STANDARD

[Global flags]
     intx CICompilerCount                          = 12                                        {product} {ergonomic}
     uint ConcGCThreads                            = 4                                         {product} {ergonomic}
     uint G1ConcRefinementThreads                  = 15                                        {product} {ergonomic}
   size_t G1HeapRegionSize                         = 2097152                                   {product} {ergonomic}
    uintx GCDrainStackTargetSize                   = 64                                        {product} {ergonomic}
   size_t InitialHeapSize                          = 264241152                                 {product} {ergonomic}
     bool ManagementServer                         = true                                      {product} {command line}
   size_t MarkStackSize                            = 4194304                                   {product} {ergonomic}
   size_t MaxHeapSize                              = 4196401152                                {product} {ergonomic}
   size_t MaxNewSize                               = 2516582400                                {product} {ergonomic}
   size_t MinHeapDeltaBytes                        = 2097152                                   {product} {ergonomic}
   size_t MinHeapSize                              = 8388608                                   {product} {ergonomic}
    uintx NonProfiledCodeHeapSize                  = 0                                      {pd product} {ergonomic}
     bool ProfileInterpreter                       = false                                  {pd product} {command line}
    uintx ProfiledCodeHeapSize                     = 0                                      {pd product} {ergonomic}
   size_t SoftMaxHeapSize                          = 4196401152                             {manageable} {ergonomic}
     intx TieredStopAtLevel                        = 1                                         {product} {command line}
     bool UseCompressedClassPointers               = true                           {product lp64_product} {ergonomic}
     bool UseCompressedOops                        = true                           {product lp64_product} {ergonomic}
     bool UseG1GC                                  = true                                      {product} {ergonomic}
     bool UseLargePagesIndividualAllocation        = false                                  {pd product} {ergonomic}

Logging:
Log output configuration:
 #0: stdout all=warning uptime,level,tags
 #1: stderr all=off uptime,level,tags

Environment Variables:
JAVA_HOME=D:\Programs\Java\Liberica JDK 17
PATH=D:\Programs\Java\Liberica JDK 17\bin\;D:\Programs\Java\Liberica JDK 17\bin;D:\Programs\Git\cmd;C:\Users\ibuda\AppData\Local\Microsoft\WindowsApps;
USERNAME=ibuda
OS=Windows_NT
PROCESSOR_IDENTIFIER=Intel64 Family 6 Model 186 Stepping 2, GenuineIntel
TMP=C:\Users\ibuda\AppData\Local\Temp
TEMP=C:\Users\ibuda\AppData\Local\Temp



---------------  S Y S T E M  ---------------

OS:
 Windows 11 , 64 bit Build 22621 (10.0.22621.2428)
OS uptime: 1 days 15:05 hours
Hyper-V role detected

CPU: total 20 (initial active 20) (10 cores per cpu, 2 threads per core) family 6 model 186 stepping 2 microcode 0x410e, cx8, cmov, fxsr, ht, mmx, 3dnowpref, sse, sse2, sse3, ssse3, sse4.1, sse4.2, popcnt, lzcnt, tsc, tscinvbit, avx, avx2, aes, erms, clmul, bmi1, bmi2, adx, sha, fma, vzeroupper, clflush, clflushopt, clwb, hv
Processor Information for processor 0
  Max Mhz: 2600, Current Mhz: 2600, Mhz Limit: 2600
Processor Information for processor 1
  Max Mhz: 2600, Current Mhz: 2600, Mhz Limit: 2600
Processor Information for processor 2
  Max Mhz: 2600, Current Mhz: 2600, Mhz Limit: 2600
Processor Information for processor 3
  Max Mhz: 2600, Current Mhz: 2600, Mhz Limit: 2600
Processor Information for processor 4
  Max Mhz: 2600, Current Mhz: 2600, Mhz Limit: 2600
Processor Information for processor 5
  Max Mhz: 2600, Current Mhz: 2600, Mhz Limit: 2600
Processor Information for processor 6
  Max Mhz: 2600, Current Mhz: 2600, Mhz Limit: 2600
Processor Information for processor 7
  Max Mhz: 2600, Current Mhz: 2600, Mhz Limit: 2600
Processor Information for processor 8
  Max Mhz: 2600, Current Mhz: 2600, Mhz Limit: 2600
Processor Information for processor 9
  Max Mhz: 2600, Current Mhz: 2600, Mhz Limit: 2600
Processor Information for processor 10
  Max Mhz: 2600, Current Mhz: 2600, Mhz Limit: 2600
Processor Information for processor 11
  Max Mhz: 2600, Current Mhz: 1496, Mhz Limit: 2600
Processor Information for processor 12
  Max Mhz: 2600, Current Mhz: 1500, Mhz Limit: 1898
Processor Information for processor 13
  Max Mhz: 2600, Current Mhz: 1500, Mhz Limit: 1898
Processor Information for processor 14
  Max Mhz: 2600, Current Mhz: 1500, Mhz Limit: 1898
Processor Information for processor 15
  Max Mhz: 2600, Current Mhz: 1500, Mhz Limit: 1898
Processor Information for processor 16
  Max Mhz: 2600, Current Mhz: 1500, Mhz Limit: 1898
Processor Information for processor 17
  Max Mhz: 2600, Current Mhz: 1500, Mhz Limit: 1898
Processor Information for processor 18
  Max Mhz: 2600, Current Mhz: 1500, Mhz Limit: 1898
Processor Information for processor 19
  Max Mhz: 2600, Current Mhz: 1500, Mhz Limit: 1898

Memory: 4k page, system-wide physical 16005M (2013M free)
TotalPageFile size 18901M (AvailPageFile size 243M)
current process WorkingSet (physical memory assigned to process): 442M, peak: 487M
current process commit charge ("private bytes"): 642M, peak: 1058M

vm_info: OpenJDK 64-Bit Server VM (17.0.8.1+1-LTS) for windows-amd64 JRE (17.0.8.1+1-LTS), built on Aug 22 2023 01:44:18 by "" with MS VC++ 17.1 (VS2022)

END.
